c2 => 752.047 dmg in 51 frames
c3 => 1565.49 dmg in 82 frames
c4 => 2394.27 dmg in 135 frames
c5 => 3591.41 dmg in 199 frames
c5 s1  => 17243.8 dmg in 205 frames
c5 c1 s1  => 17585.6 dmg in 291 frames
c1fs c4 s1  => 17606.3 dmg in 315 frames
c5 c2 s1  => 18429.4 dmg in 324 frames
fs c5 s1  => 18625.1 dmg in 328 frames
c5 c3 s1  => 19265.8 dmg in 355 frames
c1fs c5 s1  => 19377.1 dmg in 379 frames
c5 c4 s1  => 20645.2 dmg in 408 frames
c3fs c5 s1  => 21019.3 dmg in 463 frames
c5 c5 s1  => 22416 dmg in 472 frames
c5 c5 c1 s1  => 22757.8 dmg in 558 frames
c5 c1fs c4 s1  => 22778.6 dmg in 582 frames
c5 c5 c2 s1  => 23601.6 dmg in 591 frames
c5fs c5 s1  => 23797.3 dmg in 595 frames
c5 c5 c3 s1  => 24438 dmg in 622 frames
c5 c1fs c5 s1  => 24549.4 dmg in 646 frames
c5 s1  fs c5 s2  => 24579.8 dmg in 653 frames
c5 c4 s1  c4 s2  => 24829.2 dmg in 669 frames
c5 c5 c1 s2  c1 s1  => 25744.1 dmg in 672 frames
c5 c5 c4 s1  => 25817.5 dmg in 675 frames
c5 c5 c1 s2  c2 s1  => 26714.5 dmg in 678 frames
c5 c5 c1 s2  c3 s1  => 27676.3 dmg in 709 frames
c5fs c5 s2  c2 s1  => 27754 dmg in 715 frames
c5 s1  c5 c4 s1  => 37889 dmg in 724 frames
c5 s1  fs c5 s2  c2 s1  => 39825.5 dmg in 764 frames
c5 s1  c5 c2 s2  c3 s1  => 40591.7 dmg in 791 frames
c5 s1  fs c5 s2  c3 s1  => 40787.4 dmg in 795 frames
c5 s1  c5 c1 s2  c4 s1  => 41334.2 dmg in 811 frames
c5 s1  c5 c3 s2  c3 s1  => 41428.1 dmg in 822 frames
c5 s1  c5 c2 s2  c4 s1  => 42178.1 dmg in 844 frames
c5 s1  fs c5 s2  c4 s1  => 42373.8 dmg in 848 frames
c5 s1  c5 c1 s2  c5 s1  => 43370.6 dmg in 875 frames
c5 c2 s1  c5 s2  c5 s1  => 44214.5 dmg in 908 frames
c5 s1  fs c5 s2  c5 s1  => 44410.1 dmg in 912 frames
c5 c3 s1  c5 s2  c5 s1  => 45050.8 dmg in 939 frames
c5 s1  c1fs c5 s2  c5 s1  => 45162.2 dmg in 963 frames
c5 c4 s1  c5 s2  c5 s1  => 46430.3 dmg in 992 frames
c5 s1  c3fs c5 s2  c5 s1  => 46804.4 dmg in 1047 frames
c5 s1  c5 c5 s2  c5 s1  => 48201.1 dmg in 1056 frames
c5 s1  fs c5 s2  c5 c4 s1  => 48321.8 dmg in 1115 frames
c5 c4 s1  c4 s2  c5 c4 s1  => 48571.2 dmg in 1131 frames
c5 s1  c5 c1 s2  c5 c5 s1  => 49318.7 dmg in 1142 frames
c5 c2 s1  c5 s2  c5 c5 s1  => 50162.5 dmg in 1175 frames
c5 s1  fs c5 s2  c5 c5 s1  => 50358.2 dmg in 1179 frames
c5 c4 s1  c4 s2  c5 c5 s1  => 50607.6 dmg in 1195 frames
c5 s1  c5 c3 s2  c5 c5 s1  => 50998.9 dmg in 1206 frames
c5 s1  c1fs c5 s2  c5 c5 s1  => 51110.3 dmg in 1230 frames
c5 s1  c5 c4 s2  c5 c5 s1  => 52378.4 dmg in 1259 frames
c5 s1  c5 c5 s1  c5 c4 s1  => 60305 dmg in 1307 frames
c5 s1  c5 c4 s1  c5 s2  c5 s1  => 63674.1 dmg in 1308 frames
c5 s1  c5 c5 s1  c5 s2  c5 s1  => 65444.8 dmg in 1372 frames
c5 s1  c5 c2 s2  c5 s1  c5 c4 s1  => 65635.5 dmg in 1427 frames
c5 s1  fs c5 s2  c5 s1  c5 c4 s1  => 65831.2 dmg in 1431 frames
c5 s1  c5 c1 s2  c5 s1  c5 c5 s1  => 66562.5 dmg in 1458 frames
c5 s1  c1fs c5 s2  c5 s1  c5 c4 s1  => 66583.3 dmg in 1482 frames
c5 s1  c5 c2 s2  c5 s1  c5 c5 s1  => 67406.3 dmg in 1491 frames
c5 s1  fs c5 s2  c5 s1  c5 c5 s1  => 67602 dmg in 1495 frames
c5 s1  c5 c4 s1  c4 s2  c5 c5 s1  => 67851.4 dmg in 1511 frames
c5 s1  c5 c5 s1  c3 s2  c5 c5 s1  => 68242.7 dmg in 1522 frames
c5 s1  c1fs c5 s2  c5 s1  c5 c5 s1  => 68354 dmg in 1546 frames
c5 s1  c5 c5 s1  c4 s2  c5 c5 s1  => 69622.1 dmg in 1575 frames
c5 s1  c3fs c5 s2  c5 s1  c5 c5 s1  => 69996.2 dmg in 1630 frames
c5 s1  c5 c5 s1  c5 s2  c5 c5 s1  => 71392.9 dmg in 1639 frames
c5 s1  c5 c5 s2  c5 s1  c5 c5 c1 s1  => 71734.7 dmg in 1725 frames
c5 s1  c1fs c5 s2  c5 s1  c5 c5 c4 s1  => 71755.5 dmg in 1749 frames
c5 c2 s1  c5 s2  c5 s1  c5 c5 c5 s1  => 72578.5 dmg in 1758 frames
c5 s1  c5 c5 s2  c5 s1  c5fs c5 s1  => 72774.2 dmg in 1762 frames
c5 c4 s1  c5 s2  c5 s1  c5 c5 c4 s1  => 73023.6 dmg in 1778 frames
c5 s1  c5 c5 s1  c5 c3 s2  c5 c5 s1  => 73414.9 dmg in 1789 frames
c5 s1  c1fs c5 s2  c5 s1  c5 c5 c5 s1  => 73526.3 dmg in 1813 frames
c5 s1  c5 c4 s1  c5 c5 s1  c5 c4 s1  => 80950.2 dmg in 1826 frames
c5 s1  c5 c4 s1  c5 s2  c5 s1  c5 c4 s1  => 85095.1 dmg in 1827 frames
c5 s1  c5 c5 s1  c5 s2  c5 s1  c5 c4 s1  => 86865.9 dmg in 1891 frames
c5 s1  c5 c5 s1  c5 s2  c5 s1  c5 c5 s1  => 88636.6 dmg in 1955 frames
c5 s1  c5 c5 s1  c1 s2  c5 c5 s1  c5 c5 s1  => 88978.5 dmg in 2041 frames
c5 s1  c5 c5 s1  c5 s2  c5 s1  c5 c1fs c4 s1  => 88999.2 dmg in 2065 frames
c5 s1  c5 c2 s2  c5 s1  c5 c5 s1  c5 c5 s1  => 89822.3 dmg in 2074 frames
c5 s1  c5 c5 s1  c5 s2  c5 s1  c5fs c5 s1  => 90018 dmg in 2078 frames
c5 s1  c5 c4 s1  c5 s2  c5 c5 s1  c5 c4 s1  => 90267.4 dmg in 2094 frames
c5 c3 s1  c5 s2  c5 s1  c5 c5 s1  c5 c5 s1  => 90658.7 dmg in 2105 frames
c5 s1  c1fs c5 s2  c5 s1  c5 c5 s1  c5 c5 s1  => 90770 dmg in 2129 frames
c5 s1  c5 c5 s1  c5 s2  c5 c5 s1  c5 c4 s1  => 92038.1 dmg in 2158 frames
c5 s1  c3fs c5 s2  c5 s1  c5 c5 s1  c5 c5 s1  => 92412.2 dmg in 2213 frames
c5 s1  c5 c5 s2  c5 s1  c5 c5 s1  c5 c5 s1  => 93808.9 dmg in 2222 frames
c5 c5 c1 s1  c5 s2  c5 s1  c5 c5 s1  c5 c5 s1  => 94150.7 dmg in 2308 frames
c5 s1  c5 c5 s1  c1fs c5 s2  c5 c5 s1  c5 c4 s1  => 94171.5 dmg in 2332 frames
c5 s1  c5 c5 s1  c2 s2  c5 c5 s1  c5 c5 c5 s1  => 94994.5 dmg in 2341 frames
c5 s1  c5 c5 s1  c5 c5 s2  c5 s1  c5fs c5 s1  => 95190.2 dmg in 2345 frames
c5 s1  c5 c5 c4 s1  c5 s2  c5 c5 s1  c5 c4 s1  => 95439.6 dmg in 2361 frames
c5 c5 c3 s1  c5 s2  c5 s1  c5 c5 s1  c5 c5 s1  => 95830.9 dmg in 2372 frames
c5 s1  c5 c1fs c5 s2  c5 s1  c5 c5 s1  c5 c5 s1  => 95942.3 dmg in 2396 frames
c5 s1  c5 c5 s1  c5 c4 s1  c5 c5 s1  c5 c4 s1  => 103366 dmg in 2409 frames
c5 s1  c5 c4 s1  c5 s2  c5 s1  c5 c5 s1  c5 c4 s1  => 107511 dmg in 2410 frames
c5 s1  c5 c4 s1  c5 s2  c5 s1  c5 c5 s1  c5 c5 s1  => 109282 dmg in 2474 frames
c5 s1  c5 c5 s1  c5 s2  c5 s1  c5 c5 s1  c5 c5 s1  => 111053 dmg in 2538 frames
c5 s1  c5 c1 s2  c5 s1  c5 c5 s1  c5 c5 s1  c5 c5 s1  => 111394 dmg in 2624 frames
c5 s1  c1fs c5 s2  c5 s1  c5 c5 s1  c5 c5 s1  c5 c4 s1  => 111415 dmg in 2648 frames
c5 s1  c5 c2 s2  c5 s1  c5 c5 s1  c5 c5 s1  c5 c5 s1  => 112238 dmg in 2657 frames
c5 s1  fs c5 s2  c5 s1  c5 c5 s1  c5 c5 s1  c5 c5 s1  => 112434 dmg in 2661 frames
c5 s1  c5 c4 s2  c5 s1  c5 c5 s1  c5 c4 s1  c5 c5 s1  => 112683 dmg in 2677 frames
c5 s1  c5 c3 s2  c5 s1  c5 c5 s1  c5 c5 s1  c5 c5 s1  => 113075 dmg in 2688 frames
c5 s1  c1fs c5 s2  c5 s1  c5 c5 s1  c5 c5 s1  c5 c5 s1  => 113186 dmg in 2712 frames
c5 s1  c5 c5 s2  c5 s1  c5 c5 s1  c5 c5 s1  c5 c4 s1  => 114454 dmg in 2741 frames
c5 s1  c3fs c5 s2  c5 s1  c5 c5 s1  c5 c5 s1  c5 c5 s1  => 114828 dmg in 2796 frames
c5 s1  c5 c5 s2  c5 s1  c5 c5 s1  c5 c5 s1  c5 c5 s1  => 116225 dmg in 2805 frames
c5 s1  c5 c1 s2  c5 s1  c5 c5 s1  c5 c5 s1  c5 c5 c2 s2  c2 s1  => 116537 dmg in 2863 frames
c5 s1  fs c5 s2  c5 s1  c5 c5 s1  c5 c5 s1  c5 c5 c1 s2  c2 s1  => 116732 dmg in 2867 frames
c5 s1  c5 c1 s2  c5 s1  c5 c5 s1  c5 c5 s1  c5 c5 c2 s2  c3 s1  => 117499 dmg in 2894 frames
c5 s1  fs c5 s2  c5 s1  c5 c5 s1  c5 c5 s1  c5 c5 c1 s2  c3 s1  => 117694 dmg in 2898 frames
c5 s1  fs c5 s2  c5 s1  c5fs c5 s1  c5 c5 s1  c5 c5 s2  c2 s1  => 117772 dmg in 2904 frames
c5 c2 s1  c5 s2  c5 s1  c5 c5 s1  c5 c5 c4 s1  c5 c4 s2  c2 s1  => 117826 dmg in 2916 frames
c5 s1  fs c5 s2  c5 s1  c5 c5 s1  c5 c5 c4 s1  c5 c4 s2  c2 s1  => 118021 dmg in 2920 frames
c5 s1  c5 c1 s2  c5 s1  c5 c5 s1  c5 c5 s1  c5 c5 c3 s2  c3 s1  => 118335 dmg in 2925 frames
c5 s1  c5 c2 s2  c5 s1  c5 c5 s1  c5 c5 s1  c5 c5 c2 s2  c3 s1  => 118342 dmg in 2927 frames
c5 s1  c5 c4 s1  c5 c5 s1  c5 c4 s1  c5 c5 s1  c5 c4 s1  => 124011 dmg in 2928 frames
c5 s1  c5 c4 s1  c5 s2  c5 s1  c5 c4 s1  c5 c5 s1  c5 c4 s1  => 128156 dmg in 2929 frames
c5 s1  c5 c4 s1  c5 s2  c5 s1  c5 c5 s1  c5 c5 s1  c5 c4 s1  => 129927 dmg in 2993 frames
c5 s1  fs c5 s2  c2 s1  c5 c5 s1  c5 c5 s1  c5 c5 s1  c5 s2  c4 s1  => 131957 dmg in 3033 frames
c5 s1  fs c5 s2  c4 s1  c5 c5 s1  c5 c4 s1  c5 c5 s1  c5 s2  c4 s1  => 132376 dmg in 3053 frames
c5 s1  fs c5 s2  c3 s1  c5 c5 s1  c5 c5 s1  c5 c5 s1  c5 s2  c4 s1  => 132673 dmg in 3064 frames
c5 s1  c5 c1 s2  c5 s1  c5 c5 s1  c5 c4 s1  c5 c5 s1  c5 s2  c4 s1  => 133372 dmg in 3080 frames
c5 s1  fs c5 s2  c2 s1  c5 c5 s1  c5 c5 s1  c5 c5 s1  c5 s2  c5 s1  => 133994 dmg in 3097 frames
c5 c2 s1  c5 s2  c5 s1  c5 c4 s1  c5 c5 s1  c5 c4 s1  c5 s2  c5 s1  => 134482 dmg in 3113 frames
c5 s1  fs c5 s2  c5 s1  c5 c4 s1  c5 c5 s1  c5 c4 s1  c5 s2  c5 s1  => 134678 dmg in 3117 frames
c5 s1  fs c5 s2  c3 s1  c5 c5 s1  c5 c5 s1  c5 c5 s1  c5 s2  c5 s1  => 134709 dmg in 3128 frames
c5 s1  c5 c1 s2  c5 s1  c5 c5 s1  c5 c5 s1  c5 c4 s1  c5 s2  c5 s1  => 135409 dmg in 3144 frames
c5 s1  c1fs c5 s2  c5 s1  c5 c4 s1  c5 c5 s1  c5 c4 s1  c5 s2  c5 s1  => 135430 dmg in 3168 frames
c5 s1  c5 c2 s2  c5 s1  c5 c5 s1  c5 c5 s1  c5 c4 s1  c5 s2  c5 s1  => 136253 dmg in 3177 frames
c5 s1  fs c5 s2  c5 s1  c5 c5 s1  c5 c5 s1  c5 c4 s1  c5 s2  c5 s1  => 136448 dmg in 3181 frames
c5 c4 s1  c5 s2  c5 s1  c5 c4 s1  c5 c5 s1  c5 c4 s1  c5 s2  c5 s1  => 136698 dmg in 3197 frames
c5 s1  c5 c1 s2  c5 s1  c5 c5 s1  c5 c5 s1  c5 c5 s1  c5 s2  c5 s1  => 137180 dmg in 3208 frames
c5 s1  c1fs c5 s2  c5 s1  c5 c5 s1  c5 c5 s1  c5 c4 s1  c5 s2  c5 s1  => 137200 dmg in 3232 frames
c5 s1  c5 c2 s2  c5 s1  c5 c5 s1  c5 c5 s1  c5 c5 s1  c5 s2  c5 s1  => 138023 dmg in 3241 frames
c5 s1  fs c5 s2  c5 s1  c5 c5 s1  c5 c5 s1  c5 c5 s1  c5 s2  c5 s1  => 138219 dmg in 3245 frames
c5 s1  c5 c5 s2  c5 s1  c5 c4 s1  c5 c5 s1  c5 c4 s1  c5 s2  c5 s1  => 138468 dmg in 3261 frames
c5 s1  c5 c3 s2  c5 s1  c5 c5 s1  c5 c5 s1  c5 c5 s1  c5 s2  c5 s1  => 138860 dmg in 3272 frames
c5 s1  c1fs c5 s2  c5 s1  c5 c5 s1  c5 c5 s1  c5 c5 s1  c5 s2  c5 s1  => 138971 dmg in 3296 frames
c5 s1  c5 c5 s2  c5 s1  c5 c5 s1  c5 c5 s1  c5 c4 s1  c5 s2  c5 s1  => 140239 dmg in 3325 frames
c5 s1  c3fs c5 s2  c5 s1  c5 c5 s1  c5 c5 s1  c5 c5 s1  c5 s2  c5 s1  => 140613 dmg in 3380 frames
c5 s1  fs c5 s2  c5 s1  c5 c5 s1  c5 c5 s1  c5 c4 s1  c4 s2  c5 c5 s1  => 140626 dmg in 3384 frames
c5 s1  c5 c5 s2  c5 s1  c5 c5 s1  c5 c5 s1  c5 c5 s1  c5 s2  c5 s1  => 142010 dmg in 3389 frames
c5 s1  c5 c2 s2  c5 s1  c5 c5 s1  c5 c5 s1  c5 c5 s1  c4 s2  c5 c5 s1  => 142201 dmg in 3444 frames
c5 s1  fs c5 s2  c5 s1  c5 c5 s1  c5 c5 s1  c5 c5 s1  c4 s2  c5 c5 s1  => 142396 dmg in 3448 frames
c5 s1  c5 c4 s2  c5 s1  c5 c5 s1  c5 c5 s1  c5 c4 s1  c4 s2  c5 c5 s1  => 142646 dmg in 3464 frames
c5 s1  c5 c5 s2  c5 s1  c5 c5 s1  c5 c5 s1  c5 c5 s1  c1 s2  c5 c5 s1  => 143128 dmg in 3475 frames
c5 s1  c1fs c5 s2  c5 s1  c5 c5 s1  c5 c5 s1  c5 c5 s1  c4 s2  c5 c5 s1  => 143148 dmg in 3499 frames
c5 s1  c5 c2 s2  c5 s1  c5 c5 s1  c5 c5 s1  c5 c5 s1  c5 s2  c5 c5 s1  => 143971 dmg in 3508 frames
c5 s1  c5 c5 s1  c5 c4 s1  c5 c5 s1  c5 c4 s1  c5 c5 s1  c5 c4 s1  => 146427 dmg in 3511 frames
c5 s1  c5 c4 s1  c5 s2  c5 s1  c5 c4 s1  c5 c5 s1  c5 c4 s1  c5 c5 s1  => 150572 dmg in 3512 frames
c5 s1  c5 c4 s1  c5 s2  c5 s1  c5 c4 s1  c5 c5 s1  c5 c4 s1  c5 s2  c5 s1  => 153941 dmg in 3513 frames
c5 s1  c5 c5 s1  c5 s2  c5 s1  c5 c4 s1  c5 c5 s1  c5 c4 s1  c5 s2  c5 s1  => 155712 dmg in 3577 frames
