c1 => 654.833 dmg in 9 frames
fs => 1169.34 dmg in 49 frames
c2 => 1356.44 dmg in 50 frames
fs c1 => 1824.18 dmg in 83 frames
c3 => 2198.37 dmg in 84 frames
c4 => 3367.71 dmg in 121 frames
c5 => 4240.82 dmg in 161 frames
fs c4 => 4537.06 dmg in 195 frames
c5 c1 => 4895.66 dmg in 205 frames
fs c5 => 5410.17 dmg in 235 frames
c5 c2 => 5597.26 dmg in 246 frames
c5fs c1 => 6065 dmg in 279 frames
c5 c3 => 6439.19 dmg in 280 frames
c3fs c4 => 6735.43 dmg in 316 frames
c5 c4 => 7608.54 dmg in 317 frames
c4fs c4 => 7904.77 dmg in 356 frames
c5 c5 => 8481.65 dmg in 357 frames
c5 c5 s1  => 16832.3 dmg in 363 frames
c5 c5 c1 s1  => 17487.2 dmg in 407 frames
c5fs c5 s1  => 18001.7 dmg in 437 frames
c5 c5 c2 s1  => 18188.8 dmg in 448 frames
fs c5fs c4 s1  => 18297.9 dmg in 471 frames
c5fs c5 c1 s1  => 18656.5 dmg in 481 frames
c5 c5 c3 s1  => 19030.7 dmg in 482 frames
fs c5fs c5 s1  => 19171 dmg in 511 frames
c5 c3fs c4 s1  => 19326.9 dmg in 518 frames
c5 c5 c4 s1  => 20200 dmg in 519 frames
c5 c4fs c4 s1  => 20496.3 dmg in 558 frames
c5 c5 c5 s1  => 21073.2 dmg in 559 frames
c5fs c5 c4 s1  => 21369.4 dmg in 593 frames
c5 c5 c5 c1 s1  => 21728 dmg in 603 frames
c5fs c5 c5 s1  => 22242.5 dmg in 633 frames
c5 c5 c5 c2 s1  => 22429.6 dmg in 644 frames
c5fs c5fs c4 s1  => 22538.7 dmg in 667 frames
c5fs c5 c5 c1 s1  => 22897.3 dmg in 677 frames
c5 c5 c5 c3 s1  => 23271.5 dmg in 678 frames
c5fs c5fs c5 s1  => 23411.8 dmg in 707 frames
c5 c5 c3fs c4 s1  => 23567.8 dmg in 714 frames
c5 c5 c5 c4 s1  => 24440.9 dmg in 715 frames
c5 c5 c4fs c4 s1  => 24737.1 dmg in 754 frames
c5 c5 c5 c5 s1  => 25314 dmg in 755 frames
c5fs c5 c5 c4 s1  => 25610.2 dmg in 789 frames
c5 c5 c5 c5 c1 s1  => 25968.8 dmg in 799 frames
c5fs c5 c5 c5 s1  => 26483.3 dmg in 829 frames
c5 c5 c5 c5 c2 s1  => 26670.4 dmg in 840 frames
c5 c5 s1  c5 c5 s1  => 33766 dmg in 852 frames
c5 c5 s1  c5 c5 c1 s1  => 34420.8 dmg in 896 frames
c5fs c5 s1  c5 c5 s1  => 34935.4 dmg in 926 frames
c5 c5 s1  c5 c5 c2 s1  => 35122.4 dmg in 937 frames
c5 c5 s1  fs c5fs c4 s1  => 35231.6 dmg in 960 frames
c5fs c5 s1  c5 c5 c1 s1  => 35590.2 dmg in 970 frames
c5 c5 s1  c5 c5 c3 s1  => 35964.4 dmg in 971 frames
c5fs c5 s1  c5fs c5 s1  => 36104.7 dmg in 1000 frames
c5 c5 s1  c5 c3fs c4 s1  => 36260.6 dmg in 1007 frames
c5 c5 s1  c5 c5 c4 s1  => 37133.7 dmg in 1008 frames
c5 c5 s1  c5 c4fs c4 s1  => 37430 dmg in 1047 frames
c5 c5 s1  c5 c5 c5 s1  => 38006.8 dmg in 1048 frames
c5fs c5 s1  c5 c5 c4 s1  => 38303.1 dmg in 1082 frames
c5 c5 s1  c5 c5 c5 c1 s1  => 38661.7 dmg in 1092 frames
c5fs c5 s1  c5 c5 c5 s1  => 39176.2 dmg in 1122 frames
c5 c5 c4 s1  c5 c5 c3 s1  => 39332.1 dmg in 1127 frames
c5 c5 s1  c5 c5 c5 c2 s1  => 39363.3 dmg in 1133 frames
c5fs c5fs c4 s1  c5 c5 s1  => 39472.4 dmg in 1156 frames
c5 c5 c4 s1  c5 c3fs c4 s1  => 39628.3 dmg in 1163 frames
c5 c5 c4 s1  c5 c5 c4 s1  => 40501.4 dmg in 1164 frames
c5 c5 c4 s1  c5 c4fs c4 s1  => 40797.7 dmg in 1203 frames
c5 c5 s1  c5 c5 c5 c4 s1  => 41374.5 dmg in 1204 frames
c5fs c5 c4 s1  c5 c5 c4 s1  => 41670.8 dmg in 1238 frames
c5 c5 s1  c5 c5 c5 c5 s1  => 42247.7 dmg in 1244 frames
c5fs c5 s1  c5 c5 c5 c4 s1  => 42543.9 dmg in 1278 frames
c5 c5 s1  c5 c5 c5 c5 c1 s1  => 42902.5 dmg in 1288 frames
c5fs c5 s1  c5 c5 c5 c5 s1  => 43417 dmg in 1318 frames
c5 c5 c5 c4 s1  c5 c5 c3 s1  => 43572.9 dmg in 1323 frames
c5 c5 s1  c5 c5 c5 c5 c2 s1  => 43604.1 dmg in 1329 frames
c5 c5 s1  c5 c5 s1  c5 c5 s1  => 53314.3 dmg in 1341 frames
c5 c5 s1  c5 c5 s1  c5 c5 c1 s1  => 53969.2 dmg in 1385 frames
c5fs c5 s1  c5 c5 s1  c5 c5 s1  => 54483.7 dmg in 1415 frames
c5 c5 s1  c5 c5 s1  c5 c5 c2 s1  => 54670.8 dmg in 1426 frames
c5 c5 s1  c5 c5 s1  fs c5fs c4 s1  => 54779.9 dmg in 1449 frames
c5fs c5 s1  c5 c5 s1  c5 c5 c1 s1  => 55138.5 dmg in 1459 frames
c5 c5 s1  c5 c5 s1  c5 c5 c3 s1  => 55512.7 dmg in 1460 frames
c5fs c5 s1  c5fs c5 s1  c5 c5 s1  => 55653 dmg in 1489 frames
c5 c5 s1  c5 c5 s1  c5 c3fs c4 s1  => 55808.9 dmg in 1496 frames
c5 c5 s1  c5 c5 s1  c5 c5 c4 s1  => 56682 dmg in 1497 frames
c5 c5 s1  c5 c5 s1  c5 c4fs c4 s1  => 56978.3 dmg in 1536 frames
c5 c5 s1  c5 c5 s1  c5 c5 c5 s1  => 57555.1 dmg in 1537 frames
c5fs c5 s1  c5 c5 s1  c5 c5 c4 s1  => 57851.4 dmg in 1571 frames
c5 c5 s1  c5 c5 s1  c5 c5 c5 c1 s1  => 58210 dmg in 1581 frames
c5 c5 s1  c5 c5 s1  c5 c5 s1  c4 s2  => 65093.5 dmg in 1594 frames
c5 c5 s1  c5 c5 s1  c5 c5 s1  c5 s2  => 65966.6 dmg in 1634 frames
c5fs c5 s1  c5 c5 s1  c5 c5 s1  c4 s2  => 66262.9 dmg in 1668 frames
c5 c5 s1  c5 c5 s1  c5 c5 s1  c5 c1 s2  => 66621.5 dmg in 1678 frames
c5 c5 s1  c5 c5 s1  c5 c5 s1  fs c5 s2  => 67136 dmg in 1708 frames
c5 c5 s1  c5 c5 s1  c5 c5 c3 s1  c4 s2  => 67291.9 dmg in 1713 frames
c5 c5 s1  c5 c5 s1  c5 c5 c4 s2  s1  => 73946.9 dmg in 1719 frames
c5 c5 s1  c5 c5 s1  c5 c5 c5 s2  s1  => 74820 dmg in 1759 frames
c5fs c5 s1  c5 c5 s1  c5 c5 c4 s2  s1  => 75116.2 dmg in 1793 frames
c5 c5 s1  c5 c5 s1  c5 c5 c5 c1 s2  s1  => 75474.8 dmg in 1803 frames
c5fs c5 s1  c5 c5 s1  c5 c5 c5 s2  s1  => 75989.3 dmg in 1833 frames
c5 c5 s1  c5 c5 c4 s1  c5 c5 c3 s2  s1  => 76145.2 dmg in 1838 frames
c5 c5 s1  c5 c5 c5 c2 s1  c5 c5 s2  s1  => 76176.4 dmg in 1844 frames
c5fs c5fs c4 s1  c5 c5 s1  c5 c5 s2  s1  => 76285.6 dmg in 1867 frames
c5 c5 s1  c5 c5 c4 s1  c5 c3fs c4 s2  s1  => 76441.5 dmg in 1874 frames
c5 c5 s1  c5 c5 c4 s1  c5 c5 c4 s2  s1  => 77314.6 dmg in 1875 frames
c5 c5 s1  c5 c5 c4 s1  c5 c4fs c4 s2  s1  => 77610.8 dmg in 1914 frames
c5 c5 s1  c5 c5 s1  c5 c5 c5 c4 s2  s1  => 78187.7 dmg in 1915 frames
c5fs c5 s1  c5 c5 c4 s1  c5 c5 c4 s2  s1  => 78483.9 dmg in 1949 frames
c5 c5 s1  c5 c5 s1  c5 c5 c5 c5 s2  s1  => 79060.8 dmg in 1955 frames
c5 c5 s1  c5 c5 s1  c5 c5 s1  c5 c5 s1  c1 s2  => 79213 dmg in 1971 frames
c5fs c5 s1  c5 c5 s1  c5 c5 c5 c4 s2  s1  => 79357 dmg in 1989 frames
c5 c5 c4 s1  c5 c5 c4 s1  c5 c5 c3 s2  s1  => 79513 dmg in 1994 frames
c5 c5 s1  c5 c5 s1  c5 c5 c5 c5 c1 s2  s1  => 79715.6 dmg in 1999 frames
c5 c5 s1  c5 c5 s1  c5 c5 s1  c5 c5 s1  c2 s2  => 79914.6 dmg in 2012 frames
c5 c5 s1  c5 c5 s1  c5 c5 s1  c5 s2  c5 s1  => 81469.3 dmg in 2017 frames
c5 c5 s1  c5 c5 s1  c5 c5 s1  c5 c5 s2  s1  => 85238.7 dmg in 2052 frames
c5 c5 s1  c5 c5 s1  c5 c5 s1  c5 c5 c1 s2  s1  => 85893.5 dmg in 2096 frames
c5fs c5 s1  c5 c5 s1  c5 c5 s1  c5 c5 s2  s1  => 86408 dmg in 2126 frames
c5 c5 s1  c5 c5 s1  c5 c5 s1  c5 c5 c2 s2  s1  => 86595.1 dmg in 2137 frames
c5 c5 s1  c5 c5 s1  c5 c5 s1  fs c5fs c4 s2  s1  => 86704.3 dmg in 2160 frames
c5fs c5 s1  c5 c5 s1  c5 c5 s1  c5 c5 c1 s2  s1  => 87062.9 dmg in 2170 frames
c5 c5 s1  c5 c5 s1  c5 c5 s1  c5 c5 c3 s2  s1  => 87437 dmg in 2171 frames
c5fs c5 s1  c5fs c5 s1  c5 c5 s1  c5 c5 s2  s1  => 87577.4 dmg in 2200 frames
c5 c5 s1  c5 c5 s1  c5 c5 s1  c5 c3fs c4 s2  s1  => 87733.3 dmg in 2207 frames
c5 c5 s1  c5 c5 s1  c5 c5 c4 s2  s1  c5 c5 s1  => 94145.7 dmg in 2208 frames
c5 c5 s1  c5 c5 s1  c5 c5 c5 s2  s1  c5 c5 s1  => 95018.8 dmg in 2248 frames
c5 c5 s1  c5 c5 s1  c5 c5 c4 s2  s1  c5fs c5 s1  => 95548.9 dmg in 2282 frames
c5 c5 s1  c5 c5 s1  c5 c5 c5 s2  s1  c5 c5 c1 s1  => 95804.6 dmg in 2292 frames
c5 c5 s1  c5 c5 s1  c5 c5 c4 s2  s1  fs c5fs c4 s1  => 95904.3 dmg in 2316 frames
c5 c5 s1  c5 c5 s1  c5 c5 c5 s2  s1  c5fs c5 s1  => 96422 dmg in 2322 frames
c5 c5 s1  c5 c5 s1  c5 c5 c4 s2  s1  c5 c5 c3 s1  => 96783.7 dmg in 2327 frames
c5 c5 s1  c5 c5 s1  c5 c5 c4 s2  s1  fs c5fs c5 s1  => 96952.1 dmg in 2356 frames
c5 c5 s1  c5 c5 s1  c5 c5 c4 s2  s1  c5 c3fs c4 s1  => 97139.2 dmg in 2363 frames
c5 c5 s1  c5 c5 s1  c5 c5 c4 s2  s1  c5 c5 c4 s1  => 98186.9 dmg in 2364 frames
c5 c5 s1  c5 c5 s1  c5 c5 c5 s2  s1  c5 c5 c4 s1  => 99060 dmg in 2404 frames
c5fs c5 s1  c5 c5 s1  c5 c5 c4 s2  s1  c5 c5 c4 s1  => 99356.2 dmg in 2438 frames
c5 c5 s1  c5 c5 s1  c5 c5 c5 c1 s2  s1  c5 c5 c4 s1  => 99714.8 dmg in 2448 frames
c5 c5 s1  c5 c5 s1  c5 c5 s1  c5 c5 s1  c5 c5 s1  s2  => 102221 dmg in 2451 frames
c5 c5 s1  c5 c5 s1  c5 c5 s1  c5 c5 s1  c5 c5 c1 s1  s2  => 102876 dmg in 2495 frames
c5fs c5 s1  c5 c5 s1  c5 c5 s1  c5 c5 s1  c5 c5 s1  s2  => 103390 dmg in 2525 frames
c5 c5 s1  c5 c5 s1  c5 c5 s1  c5 c5 s1  c5 c5 c2 s1  s2  => 103577 dmg in 2536 frames
c5 c5 s1  c5 c5 s1  c5 c5 s1  c5 c5 s2  s1  c5 c5 s1  => 105559 dmg in 2541 frames
c5 c5 s1  c5 c5 s1  c5 c5 s1  c5 c5 s2  s1  c5 c5 c1 s1  => 106345 dmg in 2585 frames
c5 c5 s1  c5 c5 s1  c5 c5 s1  c5 c5 s2  s1  c5fs c5 s1  => 106962 dmg in 2615 frames
c5 c5 s1  c5 c5 s1  c5 c5 s1  c5 c5 s2  s1  c5 c5 c2 s1  => 107187 dmg in 2626 frames
c5 c5 s1  c5 c5 s1  c5 c5 s1  c5 c5 s2  s1  fs c5fs c4 s1  => 107318 dmg in 2649 frames
c5 c5 s1  c5 c5 s1  c5 c5 s1  c5 c5 s2  s1  c5fs c5 c1 s1  => 107748 dmg in 2659 frames
c5 c5 s1  c5 c5 s1  c5 c5 s1  c5 c5 s2  s1  c5 c5 c3 s1  => 108197 dmg in 2660 frames
c5 c5 s1  c5 c5 s1  c5 c5 s1  c5 c5 s2  s1  fs c5fs c5 s1  => 108366 dmg in 2689 frames
c5 c5 s1  c5 c5 s1  c5 c5 s1  c5 c5 s2  s1  c5 c3fs c4 s1  => 108553 dmg in 2696 frames
c5 c5 s1  c5 c5 s1  c5 c5 c4 s2  s1  c5 c5 s1  c5 c5 s1  => 111351 dmg in 2697 frames
c5 c5 s1  c5 c5 s1  c5 c5 c5 s2  s1  c5 c5 s1  c5 c5 s1  => 112224 dmg in 2737 frames
c5fs c5 s1  c5 c5 s1  c5 c5 c4 s2  s1  c5 c5 s1  c5 c5 s1  => 112520 dmg in 2771 frames
c5 c5 s1  c5 c5 s1  c5 c5 c5 c1 s2  s1  c5 c5 s1  c5 c5 s1  => 112879 dmg in 2781 frames
c5fs c5 s1  c5 c5 s1  c5 c5 c5 s2  s1  c5 c5 s1  c5 c5 s1  => 113393 dmg in 2811 frames
c5 c5 s1  c5 c5 s1  c5 c5 c4 s2  s1  c5 c5 c3 s1  c5 c5 s1  => 113717 dmg in 2816 frames
c5 c5 s1  c5 c5 s1  c5 c5 c4 s2  s1  fs c5fs c5 s1  c5 c5 s1  => 113886 dmg in 2845 frames
c5 c5 s1  c5 c5 s1  c5 c5 c4 s2  s1  c5 c3fs c4 s1  c5 c5 s1  => 114073 dmg in 2852 frames
c5 c5 s1  c5 c5 s1  c5 c5 c4 s2  s1  c5 c5 c4 s1  c5 c5 s1  => 115121 dmg in 2853 frames
c5 c5 s1  c5 c5 s1  c5 c5 c5 s2  s1  c5 c5 c4 s1  c5 c5 s1  => 115994 dmg in 2893 frames
c5 c5 s1  c5 c5 s1  c5 c5 c4 s2  s1  c5 c5 c4 s1  c5fs c5 s1  => 116290 dmg in 2927 frames
c5 c5 s1  c5 c5 s1  c5 c5 c5 c5 s2  s1  c5 c5 s1  c5 c5 s1  => 116465 dmg in 2933 frames
c5 c5 s1  c5 c5 s1  c5 c5 c5 c1 s2  s1  c5 c5 c4 s1  c5 c5 s1  => 116649 dmg in 2937 frames
c5 c5 s1  c5 c5 s1  c5 c5 s1  c5 c5 s1  c5 c5 s1  c5 c5 s1  s2  => 121025 dmg in 2940 frames
c5 c5 s1  c5 c5 s1  c5 c5 s1  c5 c5 s1  c5 c5 s1  c5 c5 s1  c1 s2  => 121811 dmg in 2949 frames
c5 c5 s1  c5 c5 s1  c5 c5 s1  c5 c5 s1  c5 c5 s1  c5 c5 s1  c2 s2  => 122653 dmg in 2990 frames
c5 c5 s1  c5 c5 s1  c5 c5 s1  c5 c5 s1  c5 c5 s1  fs c5 c5 s1  s2  => 122737 dmg in 3014 frames
c5 c5 s1  c5 c5 s1  c5 c5 s1  c5 c5 s1  c5 c5 s1  fs c5 c5 s1  c1 s2  => 123523 dmg in 3023 frames
c5 c5 s1  c5 c5 s1  c5 c5 s1  c5 c5 s1  c5 c5 s1  c5 c5 s1  c3 s2  => 123663 dmg in 3024 frames
c5 c5 s1  c5 c5 s1  c5 c5 s1  c5 c5 s1  c5 c5 s2  s1  c5 c5 s1  => 125711 dmg in 3030 frames
c5 c5 s1  c5 c5 s1  c5 c5 s1  c5 c5 s1  c5 c5 s2  s1  c5 c5 c1 s1  => 126497 dmg in 3074 frames
c5 c5 s1  c5 c5 s1  c5 c5 s1  c5 c5 s1  c5 c5 s2  s1  c5fs c5 s1  => 127115 dmg in 3104 frames
c5 c5 s1  c5 c5 s1  c5 c5 s1  c5 c5 s1  c5 c5 s2  s1  c5 c5 c2 s1  => 127339 dmg in 3115 frames
c5 c5 s1  c5 c5 s1  c5 c5 s1  c5 c5 s1  c5 c5 s2  s1  fs c5fs c4 s1  => 127470 dmg in 3138 frames
c5 c5 s1  c5 c5 s1  c5 c5 s1  c5 c5 s1  c5 c5 s2  s1  c5fs c5 c1 s1  => 127900 dmg in 3148 frames
c5 c5 s1  c5 c5 s1  c5 c5 s1  c5 c5 s1  c5 c5 s2  s1  c5 c5 c3 s1  => 128349 dmg in 3149 frames
c5 c5 s1  c5 c5 s1  c5 c5 s1  c5 c5 s1  c5 c5 s2  s1  fs c5fs c5 s1  => 128518 dmg in 3178 frames
c5 c5 s1  c5 c5 s1  c5 c5 s1  c5 c5 s1  c5 c5 s2  s1  c5 c3fs c4 s1  => 128705 dmg in 3185 frames
c5 c5 s1  c5 c5 s1  c5 c5 c4 s2  s1  c5 c5 s1  c5 c5 s1  c5 c5 s1  => 130899 dmg in 3186 frames
c5 c5 s1  c5 c5 s1  c5 c5 c5 s2  s1  c5 c5 s1  c5 c5 s1  c5 c5 s1  => 131772 dmg in 3226 frames
c5fs c5 s1  c5 c5 s1  c5 c5 c4 s2  s1  c5 c5 s1  c5 c5 s1  c5 c5 s1  => 132068 dmg in 3260 frames
c5 c5 s1  c5 c5 s1  c5 c5 c5 c1 s2  s1  c5 c5 s1  c5 c5 s1  c5 c5 s1  => 132427 dmg in 3270 frames
c5fs c5 s1  c5 c5 s1  c5 c5 c5 s2  s1  c5 c5 s1  c5 c5 s1  c5 c5 s1  => 132941 dmg in 3300 frames
c5 c5 s1  c5 c5 s1  c5 c5 c4 s2  s1  c5 c5 c3 s1  c5 c5 s1  c5 c5 s1  => 133266 dmg in 3305 frames
c5 c5 s1  c5 c5 s1  c5 c5 c4 s2  s1  fs c5fs c5 s1  c5 c5 s1  c5 c5 s1  => 133434 dmg in 3334 frames
c5 c5 s1  c5 c5 s1  c5 c5 c4 s2  s1  c5 c3fs c4 s1  c5 c5 s1  c5 c5 s1  => 133621 dmg in 3341 frames
c5 c5 s1  c5 c5 s1  c5 c5 c4 s2  s1  c5 c5 c4 s1  c5 c5 s1  c5 c5 s1  => 134669 dmg in 3342 frames
c5 c5 s1  c5 c5 s1  c5 c5 c5 s2  s1  c5 c5 c4 s1  c5 c5 s1  c5 c5 s1  => 135542 dmg in 3382 frames
c5fs c5 s1  c5 c5 s1  c5 c5 c4 s2  s1  c5 c5 c4 s1  c5 c5 s1  c5 c5 s1  => 135838 dmg in 3416 frames
c5 c5 s1  c5 c5 s1  c5 c5 c5 s2  s1  c5 c5 s1  c5 c5 s1  c5 c5 c5 s1  => 136013 dmg in 3422 frames
c5 c5 s1  c5 c5 s1  c5 c5 c5 s2  s1  c5 c5 c4 s1  c5 c5 s1  c5 c5 c1 s1  => 136197 dmg in 3426 frames
c5 c5 s1  c5 c5 s1  c5 c5 s1  c5 c5 s1  c5 c5 s1  c5 c5 s1  c5 c5 s1  s2  => 137463 dmg in 3429 frames
c5 c5 s1  c5 c5 s1  c5 c5 s1  c5 c5 s1  c5 c5 s1  c5 c5 s1  c5 c5 s1  c1 s2  => 138118 dmg in 3438 frames
c5 c5 s1  c5 c5 s1  c5 c5 c4 s2  s1  c5 c5 s1  c5 c5 s1  c5 c5 s1  c4 s2  => 142678 dmg in 3439 frames
c5 c5 s1  c5 c5 s1  c5 c5 c4 s2  s1  c5 c5 c4 s1  c5 c5 s1  c5 c5 s1  s2  => 143080 dmg in 3474 frames
c5 c5 s1  c5 c5 s1  c5 c5 c4 s2  s1  c5 c5 s1  c5 c5 s1  c5 c5 s1  c5 s2  => 143551 dmg in 3479 frames
c5 c5 s1  c5 c5 s1  c5 c5 c4 s2  s1  c5 c5 c4 s1  c5 c5 s1  c5 c5 s1  c1 s2  => 143735 dmg in 3483 frames
c5fs c5 s1  c5 c5 s1  c5 c5 c4 s2  s1  c5 c5 s1  c5 c5 s1  c5 c5 s1  c4 s2  => 143847 dmg in 3513 frames
c5 c5 s1  c5 c5 s1  c5 c5 c5 s2  s1  c5 c5 c4 s1  c5 c5 s1  c5 c5 s1  s2  => 143954 dmg in 3514 frames
c5 c5 s1  c5 c5 s1  c5 c5 c5 s2  s1  c5 c5 s1  c5 c5 s1  c5 c5 s1  c5 s2  => 144424 dmg in 3519 frames
c5 c5 s1  c5 c5 s1  c5 c5 c5 s2  s1  c5 c5 c4 s1  c5 c5 s1  c5 c5 s1  c1 s2  => 144608 dmg in 3523 frames
c5 c5 s1  c5 c5 s1  c5 c5 c4 s2  c4 s1  c5 c5 s1  c5 c5 s1  c5 c5 s2  s1  => 145687 dmg in 3529 frames
c5 c5 s1  c5 c5 s1  c5 c5 c4 s2  s1  c5 c5 c4 s1  c5 c5 s1  c5 c5 s2  s1  => 151934 dmg in 3564 frames
