c1 => 761.838 dmg in 16 frames
c2 => 1577.14 dmg in 62 frames
c1fs => 2429.86 dmg in 84 frames
c3 => 2940.43 dmg in 123 frames
c2fs => 3245.16 dmg in 124 frames
c4 => 4383.91 dmg in 163 frames
c3fs => 4608.45 dmg in 188 frames
c1fs c1fs => 4859.72 dmg in 202 frames
c4fs => 6051.93 dmg in 230 frames
c5 c1 => 6669.42 dmg in 276 frames
c4fs c1 => 6813.77 dmg in 280 frames
c5fs => 7575.61 dmg in 281 frames
c2fs c4 => 7629.07 dmg in 321 frames
c5fs c1 => 8337.45 dmg in 331 frames
c4fs c1fs => 8481.79 dmg in 348 frames
c5fs c2 => 9152.75 dmg in 377 frames
c4fs c2fs => 9297.09 dmg in 388 frames
c5fs c1fs => 10005.5 dmg in 399 frames
c5 c4 => 10291.5 dmg in 423 frames
c4fs c4 => 10435.8 dmg in 427 frames
c5fs c3 => 10516 dmg in 438 frames
c5fs c2fs => 10820.8 dmg in 439 frames
c4fs c1fs c1fs => 10911.7 dmg in 466 frames
c5fs c4 => 11959.5 dmg in 478 frames
c5fs c4 s1  => 27883.3 dmg in 484 frames
c5fs c2fs c2 s1  => 28321.7 dmg in 541 frames
c5 c5 c1 s1  => 28500.8 dmg in 542 frames
c5 c4fs c1 s1  => 28645.1 dmg in 546 frames
c4fs c4fs c1 s1  => 28789.5 dmg in 550 frames
c5fs c3fs c1 s1  => 28869.6 dmg in 559 frames
c5fs c5 s1  => 29406.9 dmg in 562 frames
c5 c2fs c4 s1  => 29460.4 dmg in 587 frames
c4fs c2fs c4 s1  => 29604.8 dmg in 591 frames
c5fs c5 c1 s1  => 30168.8 dmg in 597 frames
c5fs c4fs c1 s1  => 30313.1 dmg in 601 frames
c5fs c2fs c4 s1  => 31128.4 dmg in 642 frames
c5fs c5fs c1 s1  => 31836.8 dmg in 652 frames
c5 c5 c4 s1  => 32122.8 dmg in 689 frames
c5 c4fs c4 s1  => 32267.2 dmg in 693 frames
c4fs c4fs c4 s1  => 32411.5 dmg in 697 frames
c5fs c5fs c2 s1  => 32652.1 dmg in 698 frames
c5fs c4fs c1fs c1 s1  => 32743 dmg in 719 frames
c5fs c5 c4 s1  => 33790.8 dmg in 744 frames
c5fs c4fs c4 s1  => 33935.2 dmg in 748 frames
c5fs c5fs c3 s1  => 34015.4 dmg in 759 frames
c5fs c5fs c1fs c1 s1  => 34266.7 dmg in 770 frames
c5fs c5fs c4 s1  => 35458.9 dmg in 799 frames
c5 c4fs c2fs c4 s1  => 35512.3 dmg in 851 frames
c4fs c4fs c2fs c4 s1  => 35656.7 dmg in 855 frames
c5fs c5fs c2fs c2 s1  => 35897.3 dmg in 856 frames
c5fs c5 c5 c1 s1  => 36076.4 dmg in 857 frames
c5fs c5 c4fs c1 s1  => 36220.7 dmg in 861 frames
c5fs c4fs c4fs c1 s1  => 36365.1 dmg in 865 frames
c5fs c5fs c3fs c1 s1  => 36445.3 dmg in 874 frames
c5fs c5fs c5 s1  => 36982.6 dmg in 877 frames
c5fs c5 c2fs c4 s1  => 37036 dmg in 902 frames
c5fs c4fs c2fs c4 s1  => 37180.4 dmg in 906 frames
c5fs c5fs c5 c1 s1  => 37744.4 dmg in 912 frames
c5fs c5fs c4fs c1 s1  => 37888.7 dmg in 916 frames
c5fs c5fs c4 s3  c2 s1  => 38402.1 dmg in 930 frames
c5fs c5fs c2fs c4 s1  => 38704 dmg in 957 frames
c5fs c5fs c5fs c1 s1  => 39412.4 dmg in 967 frames
c5fs c5fs c4 s3  c3 s1  => 39871.8 dmg in 991 frames
c5fs c5fs c4 s3  c1fs c1 s1  => 40142.7 dmg in 1002 frames
c5fs c5fs c5fs c2 s1  => 40227.7 dmg in 1013 frames
c5fs c5fs c4 s3  c4 s1  => 41427.9 dmg in 1031 frames
c5 c5 s1  c5 c4 s2  => 52371 dmg in 1047 frames
c5 c5 s1  c5fs c3 s2  => 52595.5 dmg in 1062 frames
c5fs c4 s1  c5fs c4 s1  => 55766.5 dmg in 1079 frames
c5fs c4 s1  c5 c1 s3  c4 s1  => 56445.5 dmg in 1109 frames
c5fs c4 s1  c5fs c1 s3  c3 s1  => 56557.4 dmg in 1124 frames
c5fs c4 s1  c4fs c4fs c1 s1  => 56672.7 dmg in 1145 frames
c5fs c5fs c4 s3  c4 s1  s2  => 56887.9 dmg in 1148 frames
c5fs c4 s1  c2fs c4 s3  c4 s1  => 57405.2 dmg in 1154 frames
c5fs c4 s1  c5fs c1 s3  c4 s1  => 58113.5 dmg in 1164 frames
c5 c5 s1  c5 c4 s2  c1 s1  => 69056.6 dmg in 1183 frames
c5fs c4 s1  c5fs c4 s1  s2  => 70107.1 dmg in 1196 frames
c5fs c4 s1  c5fs c4 s1  c1 s2  => 70869 dmg in 1212 frames
c5fs c4 s1  c5 c1 s3  c4 s1  s2  => 71905.5 dmg in 1226 frames
c5fs c4 s1  c5fs c1 s3  c3 s1  s2  => 72017.4 dmg in 1241 frames
c5fs c4 s1  c5 c1 s3  c4 s1  c1 s2  => 72726.8 dmg in 1242 frames
c5fs c4 s1  c4fs c1 s3  c4 s2  c1 s1  => 72871.1 dmg in 1249 frames
c5fs c4 s1  c5fs c1 s3  c4 s1  s2  => 73573.5 dmg in 1281 frames
c5fs c4 s1  c2fs c4 s3  c4 s1  c1 s2  => 73686.4 dmg in 1287 frames
c5fs c4 s1  c4fs c1 s3  c4 s2  c2 s1  => 73750.1 dmg in 1295 frames
c5fs c4 s1  c5fs c1 s3  c4 s1  c1 s2  => 74394.8 dmg in 1297 frames
c5fs c4 s1  c4fs c1 s3  c5 s1  c1 s2  => 74513.8 dmg in 1324 frames
c5fs c4 s1  c2fs c4 s3  c4 s1  c2 s2  => 74565.4 dmg in 1333 frames
c5fs c4 s1  c5fs c1 s3  c4 s1  c2 s2  => 75273.8 dmg in 1343 frames
c5fs c4 s1  c5 c1 s3  c4fs c1 s1  c1 s2  => 75346.3 dmg in 1359 frames
c5fs c4 s1  c4fs c1 s3  c4fs c1 s1  c1 s2  => 75490.7 dmg in 1363 frames
c5fs c4 s1  c5 c4 s3  c4 s1  s2  => 75527.6 dmg in 1373 frames
c5fs c4 s1  c5fs c1 s3  c5 s1  c1 s2  => 76037.4 dmg in 1375 frames
c5fs c4 s1  c5 c1 s3  c4 s1  c4 s2  => 76631.6 dmg in 1389 frames
c5fs c4fs c1 s1  c4 s3  c4 s2  c4 s1  => 76775.9 dmg in 1396 frames
c5fs c5fs c1 s1  c3 s3  c4 s2  c4 s1  => 76856.1 dmg in 1407 frames
c5fs c5 c1 s1  c4 s3  c5fs c1 s1  c1 s2  => 76988.9 dmg in 1410 frames
c5fs c4fs c1 s1  c4 s3  c5fs c1 s1  c1 s2  => 77133.3 dmg in 1414 frames
c5fs c5fs c1 s1  c3 s3  c5fs c1 s1  c1 s2  => 77213.5 dmg in 1425 frames
c5fs c4 s1  c2fs c4 s3  c4 s1  c4 s2  => 77591.2 dmg in 1434 frames
c5fs c4 s1  c5fs c1 s3  c4 s1  c4 s2  => 78299.6 dmg in 1444 frames
c5fs c5fs c1 s1  c4 s3  c5fs c1 s1  c1 s2  => 78657 dmg in 1465 frames
c5 c4fs c4 s1  c4 s3  c4 s2  c4 s1  => 78730 dmg in 1488 frames
c5fs c4 s1  c5fs c2 s3  c4 s1  c4 s2  => 79114.9 dmg in 1490 frames
c5fs c4 s1  c5 c1 s3  c4 s1  c4fs c1 s2  => 79251.1 dmg in 1506 frames
c5fs c4fs c1 s1  c4 s3  c4fs c4 s1  c1 s2  => 79395.5 dmg in 1510 frames
c5fs c5fs c1 s1  c4 s3  c5fs c2 s1  c1 s2  => 79535.9 dmg in 1511 frames
c5fs c4 s1  c5fs c1 s3  c5 s1  c4 s2  => 79942.2 dmg in 1522 frames
c5fs c4 s1  c5 c4 s3  c4 s1  c4 s2  => 80253.7 dmg in 1536 frames
c5fs c4 s1  c4fs c4 s3  c4 s1  c4 s2  => 80398 dmg in 1540 frames
c5fs c4 s1  c5fs c3 s3  c4 s1  c4 s2  => 80478.2 dmg in 1551 frames
c5fs c4 s1  c5 c1 s3  c4 s1  c5fs c1 s2  => 80893.7 dmg in 1557 frames
c5fs c4fs c1 s1  c4 s3  c5fs c1 s1  c4 s2  => 81038.1 dmg in 1561 frames
c5fs c5fs c1 s1  c3 s3  c5fs c1 s1  c4 s2  => 81118.3 dmg in 1572 frames
c5 c5 c5 s3  c2 s1  c4 s2  c5 c1 s1  => 81132.5 dmg in 1574 frames
c5fs c5fs c1 s1  c4 s3  c5fs c1fs c1 s1  c1 s2  => 81276.5 dmg in 1583 frames
c5fs c5fs c4 s3  c1 s1  c4 s2  c5 c1 s1  => 82066 dmg in 1589 frames
c5fs c5fs c4 s3  c1 s1  c3 s2  c5fs c1 s1  => 82308 dmg in 1604 frames
c5fs c5fs c4 s3  c2 s1  c4 s2  c5 c1 s1  => 82944.9 dmg in 1606 frames
c5fs c5fs c4 s3  c2 s1  c5fs c1 s2  c3 s1  => 83187 dmg in 1621 frames
c5fs c5fs c4 s3  c1 s1  c5fs c4 s1  c1 s2  => 83864.2 dmg in 1641 frames
c5fs c5fs c4 s3  c2 s1  c5fs c4 s1  s2  => 83921.8 dmg in 1642 frames
c5fs c5fs c4 s3  c2 s1  c2fs c4 s2  c4 s1  => 83979.5 dmg in 1651 frames
c5fs c5fs c4 s3  c2 s1  c5fs c4 s1  c1 s2  => 84743.1 dmg in 1658 frames
c5fs c5fs c4 s3  c1fs c1 s1  c5fs c3 s2  c1 s1  => 84927.6 dmg in 1693 frames
c5fs c5fs c4 s3  c3 s1  c5fs c4 s1  s2  => 85391.5 dmg in 1703 frames
c5fs c4 s1  c5 c1 s3  c4 s1  c5fs c4 s1  => 86505.3 dmg in 1704 frames
c5fs c4 s1  c5fs c1 s3  c3 s1  c5fs c4 s1  => 86617.1 dmg in 1719 frames
c5fs c5fs c4 s3  c4 s1  c5fs c4 s1  s2  => 86947.7 dmg in 1743 frames
c5fs c4 s1  c2fs c4 s3  c4 s1  c5fs c4 s1  => 87464.9 dmg in 1749 frames
c5fs c4 s1  c5fs c4 s1  c5 c4 s2  c1 s1  => 97084.2 dmg in 1755 frames
c5fs c4 s1  c5fs c4 s1  c5fs c3 s2  c1 s1  => 97308.7 dmg in 1770 frames
c5fs c4 s1  c5 c1 s3  c4 s1  c5 c1 s2  c4 s1  => 100988 dmg in 1785 frames
c5fs c4 s1  c5 c1 s3  c4 s1  c1 s2  c5fs c3 s1  => 101230 dmg in 1800 frames
c5fs c4 s1  c5fs c1 s3  c3 s1  c5fs c3 s2  c1 s1  => 101342 dmg in 1815 frames
c5fs c4 s1  c5 c1 s3  c4 s1  c5fs c4 s1  s2  => 101965 dmg in 1821 frames
c5fs c4 s1  c5 c1 s3  c4 s1  c2fs c4 s2  c4 s1  => 102023 dmg in 1830 frames
c5fs c4 s1  c5fs c1 s3  c3 s1  c5fs c4 s1  s2  => 102077 dmg in 1836 frames
c5fs c4 s1  c5 c1 s3  c4 s1  c5fs c4 s1  c1 s2  => 102787 dmg in 1837 frames
c5fs c4 s1  c4fs c1 s3  c4 s2  c1 s1  c5fs c4 s1  => 102931 dmg in 1844 frames
c5fs c4 s1  c2fs c4 s3  c4 s1  c2fs c4 s2  c4 s1  => 102983 dmg in 1875 frames
c5fs c4 s1  c5fs c1 s3  c4 s1  c5fs c4 s1  s2  => 103633 dmg in 1876 frames
c5fs c4 s1  c2fs c4 s3  c4 s1  c5fs c4 s1  c1 s2  => 103746 dmg in 1882 frames
c5fs c4 s1  c4fs c1 s3  c4 s2  c2 s1  c5fs c4 s1  => 103810 dmg in 1890 frames
c5fs c4 s1  c5fs c1 s3  c4 s1  c5fs c4 s1  c1 s2  => 104455 dmg in 1892 frames
c5fs c4 s1  c4fs c1 s3  c5 s1  c5fs c4 s1  c1 s2  => 104574 dmg in 1919 frames
c5fs c4 s1  c2fs c4 s3  c4 s1  c5fs c4 s1  c2 s2  => 104625 dmg in 1928 frames
c5fs c4 s1  c5 c1 s3  c4 s1  c5 c4 s2  c4 s1  => 104893 dmg in 1932 frames
c5fs c4 s1  c5 c1 s3  c4 s1  c4fs c4 s2  c4 s1  => 105049 dmg in 1936 frames
c5fs c4 s1  c5fs c1 s3  c4 s1  c5fs c4 s1  c2 s2  => 105334 dmg in 1938 frames
c5fs c4 s1  c5 c1 s3  c4fs c1 s1  c5fs c4 s1  c1 s2  => 105406 dmg in 1954 frames
c5fs c4 s1  c4fs c1 s3  c4fs c1 s1  c5fs c4 s1  c1 s2  => 105550 dmg in 1958 frames
c5fs c4 s1  c5 c4 s3  c4 s1  c5fs c4 s1  s2  => 105587 dmg in 1968 frames
c5fs c4 s1  c5fs c1 s3  c5 s1  c5fs c4 s1  c1 s2  => 106097 dmg in 1970 frames
c5fs c4 s1  c5 c1 s3  c4 s1  c5fs c4 s1  c4 s2  => 106691 dmg in 1984 frames
c5fs c4fs c1 s1  c4 s3  c4 s2  c4 s1  c5fs c4 s1  => 106836 dmg in 1991 frames
c5fs c5fs c1 s1  c3 s3  c4 s2  c4 s1  c5fs c4 s1  => 106916 dmg in 2002 frames
c5fs c5 c1 s1  c4 s3  c5fs c1 s1  c5fs c4 s1  c1 s2  => 107049 dmg in 2005 frames
c5fs c4fs c1 s1  c4 s3  c5fs c1 s1  c5fs c4 s1  c1 s2  => 107193 dmg in 2009 frames
c5fs c5fs c1 s1  c3 s3  c5fs c1 s1  c5fs c4 s1  c1 s2  => 107273 dmg in 2020 frames
c5fs c4 s1  c2fs c4 s3  c4 s1  c5fs c4 s1  c4 s2  => 107651 dmg in 2029 frames
c5fs c4 s1  c5fs c1 s3  c4 s1  c5fs c4 s1  c4 s2  => 108359 dmg in 2039 frames
c5fs c5fs c1 s1  c4 s3  c5fs c1 s1  c5fs c4 s1  c1 s2  => 108717 dmg in 2060 frames
c5 c4fs c4 s1  c4 s3  c4 s2  c4 s1  c5fs c4 s1  => 108790 dmg in 2083 frames
c5fs c4 s1  c5fs c2 s3  c4 s1  c5fs c4 s1  c4 s2  => 109175 dmg in 2085 frames
c5fs c4 s1  c5fs c1 s3  c4 s1  c5 c4fs c1 s1  c4 s2  => 109181 dmg in 2101 frames
c5fs c4 s1  c5fs c1 s3  c4 s1  c4fs c4fs c1 s1  c4 s2  => 109336 dmg in 2105 frames
c5fs c5fs c1 s1  c4 s3  c5fs c1 s1  c5fs c4 s1  c2 s2  => 109596 dmg in 2106 frames
c5fs c4 s1  c5fs c1 s3  c5 s1  c5fs c4 s1  c4 s2  => 110002 dmg in 2117 frames
c5fs c4 s1  c5 c4 s3  c4 s1  c5fs c4 s1  c4 s2  => 110313 dmg in 2131 frames
c5fs c4 s1  c4fs c4 s3  c4 s1  c5fs c4 s1  c4 s2  => 110458 dmg in 2135 frames
c5fs c4 s1  c5fs c3 s3  c4 s1  c5fs c4 s1  c4 s2  => 110538 dmg in 2146 frames
c5fs c5 c4 s1  c4 s3  c5fs c1 s1  c5fs c4 s1  c1 s2  => 110671 dmg in 2152 frames
c5fs c4fs c4 s1  c4 s3  c5fs c1 s1  c5fs c4 s1  c1 s2  => 110815 dmg in 2156 frames
c5fs c4 s1  c5fs c2 s3  c5 s1  c5fs c4 s1  c4 s2  => 110817 dmg in 2163 frames
c5fs c5fs c4 s1  c3 s3  c5fs c1 s1  c5fs c4 s1  c1 s2  => 110895 dmg in 2167 frames
c5fs c5fs c1 s1  c5 c1 s3  c5fs c1 s1  c5fs c4 s1  c1 s2  => 111002 dmg in 2173 frames
c5fs c5fs c1 s1  c4fs c1 s3  c5fs c1 s1  c5fs c4 s1  c1 s2  => 111147 dmg in 2177 frames
c5fs c5fs c2 s1  c4 s3  c5fs c1 s1  c5fs c5 s1  c1 s2  => 111175 dmg in 2184 frames
c5fs c4 s1  c5fs c4 s3  c4 s1  c5fs c4 s1  c4 s2  => 111981 dmg in 2186 frames
c5fs c5fs c4 s1  c4 s3  c5fs c1 s1  c5fs c4 s1  c1 s2  => 112339 dmg in 2207 frames
c5fs c5fs c1 s1  c5fs c1 s3  c5fs c1 s1  c5fs c4 s1  c1 s2  => 112670 dmg in 2228 frames
c5fs c4 s1  c5fs c4 s3  c4 s1  c5 c4fs c1 s1  c4 s2  => 112803 dmg in 2248 frames
c5fs c5fs c4 s3  c2 s1  c5fs c4 s1  c5 s3  c4 s2  c1 s1  => 113005 dmg in 2251 frames
c5fs c4 s1  c5fs c4 s3  c2 s1  c5fs c5fs c1 s1  c4 s2  => 113218 dmg in 2253 frames
c5fs c4 s1  c5fs c4 s3  c5 s1  c5fs c4 s1  c4 s2  => 113624 dmg in 2264 frames
c5fs c5fs c4 s3  c2 s1  c5fs c4 s1  c5 c1 s3  c4 s1  c1 s2  => 113826 dmg in 2283 frames
c5fs c5fs c4 s1  c4 s3  c5fs c1 s1  c5fs c5 s1  c1 s2  => 113981 dmg in 2285 frames
c5fs c5fs c4 s3  c2 s1  c5fs c4 s1  c4fs c1 s3  c4 s2  c1 s1  => 113982 dmg in 2290 frames
c5fs c5fs c4 s3  c2 s1  c5fs c4 s1  c5fs c1 s3  c3 s1  c1 s2  => 114068 dmg in 2298 frames
c5fs c4 s1  c5 c1 s3  c4 s1  c5fs c4 s1  c5fs c4 s1  => 114850 dmg in 2299 frames
c5 c5 s1  c5 c4 s2  c5 s1  c5 c5 s1  c4 s2  => 120666 dmg in 2306 frames
c5 c5 s1  c5 c4 s2  c4 s1  c5 c5 c2 s1  c4 s2  => 120719 dmg in 2309 frames
c5 c5 s1  c5 c4 s2  c1 s1  c5fs c4 s1  c5 c4 s2  => 121572 dmg in 2318 frames
c5 c5 s1  c5 c4 s2  c1 s1  c5fs c4 s1  c4fs c4 s2  => 121716 dmg in 2322 frames
c5 c5 s1  c5fs c3 s2  c1 s1  c5fs c4 s1  c5 c4 s2  => 121796 dmg in 2333 frames
c5 c5 s1  c5fs c3 s2  c1 s1  c5fs c4 s1  c4fs c4 s2  => 121941 dmg in 2337 frames
c5fs c4 s1  c5fs c4 s2  c5 s1  c5 c5 s1  c4 s2  => 122478 dmg in 2338 frames
c5fs c4 s1  c5fs c4 s2  c4 s1  c5 c5 c2 s1  c4 s2  => 122532 dmg in 2341 frames
c5 c5 s1  c5 c4 s2  c4 s1  c3 s3  c5 c4 s1  c4 s2  => 124067 dmg in 2342 frames
c5 c5 s1  c5 c4 s2  c1 s3  c4 s1  c5 c5 c1 s1  c4 s2  => 125937 dmg in 2348 frames
c5fs c5 s1  c5 c3 s2  c1 s3  c4 s1  c5 c5 c1 s1  c4 s2  => 126162 dmg in 2363 frames
c5 c5 s1  c5 c4 s2  c1 s3  c5 s1  c5fs c4 s1  c4 s2  => 126914 dmg in 2368 frames
c5 c5 s1  c5 s3  c4 s2  c4 s1  c5fs c4 s1  c4fs c1 s2  => 126940 dmg in 2372 frames
c5 c5 c2 s1  c4 s3  c4 s2  c4 s1  c5fs c4 s1  c4fs c1 s2  => 126993 dmg in 2375 frames
c5fs c4 s1  c5fs c4 s1  c1 s3  c5 c4 s1  c5 c4 s2  c1 s1  => 129333 dmg in 2380 frames
c5fs c4 s1  c5fs c4 s1  c1 s3  c5fs c3 s1  c5 c4 s2  c1 s1  => 129575 dmg in 2395 frames
c5fs c4 s1  c5fs c4 s1  c1 s3  c4 s2  c5 s1  c5fs c4 s1  => 130310 dmg in 2400 frames
c5fs c4 s1  c5 c1 s3  c4 s1  c5 c4 s2  c1 s1  c3 s3  c5fs c1 s1  => 130313 dmg in 2425 frames
c5fs c4 s1  c5fs c4 s1  c3 s3  c4 s2  c4 s1  c5fs c4 s1  => 130846 dmg in 2429 frames
c5fs c4 s1  c5 c1 s3  c4 s1  c5fs c4 s1  c5 s3  c4 s2  c1 s1  => 131048 dmg in 2430 frames
c5fs c4 s1  c5fs c4 s1  c1fs c1 s3  c4 s2  c4 s1  c5fs c4 s1  => 131097 dmg in 2440 frames
c5fs c4 s1  c5fs c1 s3  c3 s1  c5fs c4 s1  c5 s3  c4 s2  c1 s1  => 131160 dmg in 2445 frames
c5fs c4 s1  c5fs c4 s1  c3 s3  c5fs c1 s1  c5fs c4 s1  c1 s2  => 131203 dmg in 2447 frames
c5fs c4 s1  c5fs c4 s1  c3 s3  c5fs c1 s1  c1 s2  c5fs c4 s1  => 131203 dmg in 2450 frames
c5 c5 s1  c5 c4 s2  c1 s1  c5fs c4 s1  c5 c4 s2  c1 s1  => 138258 dmg in 2454 frames
c5 c5 s1  c5fs c3 s2  c1 s1  c5fs c4 s1  c5 c4 s2  c1 s1  => 138482 dmg in 2469 frames
c5fs c4 s1  c5fs c4 s1  c1 s2  c5 c4 s1  c5fs c4 s1  c1 s2  => 140070 dmg in 2483 frames
c5 c5 s1  c5 c4 s2  c1 s1  c1 s3  c5 c4 s1  c5 c4 s2  c1 s1  => 142623 dmg in 2484 frames
c5 c5 s1  c5fs c3 s2  c1 s1  c1 s3  c5 c4 s1  c5 c4 s2  c1 s1  => 142847 dmg in 2499 frames
c5 c5 s1  c5 s3  c4 s2  c1 s1  c5fs c4 s1  c5 c4 s2  c1 s1  => 143428 dmg in 2504 frames
c5fs c4 s1  c5 c1 s3  c4 s1  c1 s2  c5 c4 s1  c5fs c4 s1  c1 s2  => 144316 dmg in 2513 frames
c5fs c4 s1  c5fs c4 s2  c1 s1  c1 s3  c5 c4 s1  c5 c4 s2  c1 s1  => 144435 dmg in 2516 frames
c5fs c4 s1  c4fs c1 s3  c4 s2  c1 s1  c5fs c4 s1  c5 c4 s2  c1 s1  => 144478 dmg in 2520 frames
c5fs c4 s1  c5 c1 s3  c4 s1  c1 s2  c5fs c3 s1  c5fs c4 s1  c1 s2  => 144558 dmg in 2528 frames
c5fs c4 s1  c5fs c4 s1  c1 s2  c4 s3  c5 s1  c5fs c4 s1  c1 s2  => 145129 dmg in 2533 frames
c5fs c4 s1  c5 c1 s3  c4 s1  c1 s2  c5 c4 s1  c4 s3  c5 c1 s1  c1 s2  => 146352 dmg in 2543 frames
c5fs c4 s1  c5fs c1 s3  c3 s1  c1 s2  c5 c4 s1  c4 s3  c5 c1 s1  c1 s2  => 146464 dmg in 2558 frames
c5fs c4 s1  c5 c1 s3  c4 s2  c1 s1  c5fs c4 s1  c4 s3  c5 s2  c1 s1  => 147217 dmg in 2566 frames
c5fs c4 s1  c4fs c1 s3  c4 s2  c1 s1  c5fs c4 s1  c4 s3  c5 s2  c1 s1  => 147361 dmg in 2570 frames
c5fs c4 s1  c5fs c1 s3  c3 s2  c1 s1  c5fs c4 s1  c4 s3  c5 s2  c1 s1  => 147441 dmg in 2581 frames
c5fs c4 s1  c5 c1 s3  c4 s2  s1  c5fs c4 s1  c3 s3  c5fs c1 s1  c1 s2  => 147571 dmg in 2597 frames
c5fs c4 s1  c5 c1 s3  c4 s1  c1 s2  c5 c4 s1  c4 s3  c5fs c1 s1  c1 s2  => 148151 dmg in 2598 frames
c5fs c4 s1  c4fs c1 s3  c4 s2  c1 s1  c5fs c4 s1  c4 s3  c5 c1 s1  c1 s2  => 148182 dmg in 2602 frames
c5fs c4 s1  c5 c1 s3  c4 s2  c1 s1  c5fs c4 s1  c4 s3  c4fs c1 s2  c1 s1  => 148194 dmg in 2605 frames
c5fs c4 s1  c4fs c1 s3  c4 s2  c1 s1  c5fs c4 s1  c4 s3  c4fs c1 s2  c1 s1  => 148338 dmg in 2609 frames
c5fs c4 s1  c5 c1 s3  c4 s2  c1 s1  c5fs c4 s1  c3 s3  c5fs c1 s1  c1 s2  => 148393 dmg in 2613 frames
c5fs c4 s1  c4fs c1 s3  c4 s2  c1 s1  c5fs c4 s1  c3 s3  c5fs c1 s1  c1 s2  => 148537 dmg in 2617 frames
c5fs c4 s1  c5fs c1 s3  c4 s2  c1 s1  c5fs c4 s1  c4 s3  c5 s2  c1 s1  => 148885 dmg in 2621 frames
c5fs c4 s1  c5 c1 s3  c4 s2  s1  c5fs c4 s1  c4 s3  c5fs c1 s1  c1 s2  => 149015 dmg in 2637 frames
c5fs c4 s1  c4fs c1 s3  c4 s2  c1 s1  c5fs c4 s1  c4 s3  c5fs c1 s1  s2  => 149159 dmg in 2641 frames
c5fs c4 s1  c4fs c1 s3  c4 s2  c1 s1  c5fs c4 s1  c4 s3  c2fs c4 s1  c1 s2  => 149217 dmg in 2647 frames
c5fs c4 s1  c4fs c1 s3  c4 s2  c1 s1  c5fs c4 s1  c2 s3  c4fs c4 s1  c1 s2  => 149330 dmg in 2652 frames
c5fs c4 s1  c5 c1 s3  c4 s2  c1 s1  c5fs c4 s1  c4 s3  c5fs c1 s1  c1 s2  => 149836 dmg in 2653 frames
c5fs c4 s1  c4fs c1 s3  c4 s2  c1 s1  c5fs c4 s1  c4 s3  c5fs c1 s1  c1 s2  => 149981 dmg in 2657 frames
c5fs c4 s1  c5fs c1 s3  c4 s2  c1 s1  c5fs c4 s1  c3 s3  c5fs c1 s1  c1 s2  => 150061 dmg in 2668 frames
c5fs c4 s1  c5fs c1 s3  c4 s2  c1 s1  c5fs c4 s1  c1fs c1 s3  c5fs c1 s2  c1 s1  => 150332 dmg in 2682 frames
c5fs c4 s1  c5fs c1 s3  c4 s2  c1 s1  c5fs c4 s1  c4 s3  c5fs c1 s1  s2  => 150683 dmg in 2692 frames
c5fs c4 s1  c2fs c4 s3  c4 s2  c1 s1  c5fs c4 s1  c4 s3  c5fs c1 s1  c1 s2  => 150796 dmg in 2698 frames
c5fs c4 s1  c5 c1 s3  c4 s2  c2 s1  c5fs c4 s1  c1 s3  c5fs c4 s1  c1 s2  => 150828 dmg in 2699 frames
c5fs c4 s1  c4fs c1 s3  c4 s2  c2 s1  c5fs c4 s1  c1 s3  c5fs c4 s1  c1 s2  => 150972 dmg in 2703 frames
c5fs c4 s1  c5fs c1 s3  c4 s2  c1 s1  c5fs c4 s1  c4 s3  c5fs c1 s1  c1 s2  => 151504 dmg in 2708 frames
c5fs c5 c1 s1  c4 s3  c5 s2  c1 s1  c5fs c4 s1  c1 s3  c5fs c4 s1  c1 s2  => 151592 dmg in 2731 frames
c5fs c4fs c1 s1  c4 s3  c5 s2  c1 s1  c5fs c4 s1  c1 s3  c5fs c4 s1  c1 s2  => 151736 dmg in 2735 frames
c5fs c4 s1  c2fs c4 s3  c4 s2  c2 s1  c5fs c4 s1  c1 s3  c5fs c4 s1  c1 s2  => 151787 dmg in 2744 frames
c5fs c4 s1  c5 c1 s3  c4 s1  c4 s2  c5 c1 s1  c4 s3  c5fs c1 s1  c4 s2  => 152055 dmg in 2745 frames
c5fs c4 s1  c5 c1 s3  c4 s1  c4 s2  c4fs c4 s1  c1 s3  c5fs c4 s1  c1 s2  => 152211 dmg in 2749 frames
c5fs c4 s1  c4fs c1 s3  c4 s2  c1 s1  c5fs c4 s1  c4 s3  c4fs c4 s1  c1 s2  => 152243 dmg in 2753 frames
c5fs c4 s1  c5fs c1 s3  c4 s2  c2 s1  c5fs c4 s1  c1 s3  c5fs c4 s1  c1 s2  => 152496 dmg in 2754 frames
c5fs c5fs c1 s1  c4 s3  c4 s2  c4 s1  c5fs c4 s1  c1 s3  c5 s2  c4 s1  => 152843 dmg in 2768 frames
c5fs c5 c1 s1  c4 s3  c4 s2  c4 s1  c5fs c4 s1  c4 s3  c4 s2  c4 s1  => 153154 dmg in 2782 frames
c5fs c4fs c1 s1  c4 s3  c4 s2  c4 s1  c5fs c4 s1  c4 s3  c4 s2  c4 s1  => 153298 dmg in 2786 frames
c5fs c5fs c1 s1  c4 s3  c4 s2  c4 s1  c5fs c4 s1  c3 s3  c4 s2  c4 s1  => 153379 dmg in 2797 frames
c5fs c5 c1 s1  c4 s3  c4 s2  c4 s1  c5fs c4 s1  c1 s3  c5fs c4 s1  c1 s2  => 153794 dmg in 2800 frames
c5fs c4fs c1 s1  c4 s3  c4 s2  c4 s1  c5fs c4 s1  c1 s3  c5fs c4 s1  c1 s2  => 153939 dmg in 2804 frames
c5fs c5fs c1 s1  c3 s3  c4 s2  c4 s1  c5fs c4 s1  c1 s3  c5fs c4 s1  c1 s2  => 154019 dmg in 2815 frames
c5fs c5 c1 s1  c4 s3  c5fs c1 s2  c1 s1  c5fs c4 s1  c1 s3  c5fs c4 s1  c1 s2  => 154152 dmg in 2821 frames
c5fs c4fs c1 s1  c4 s3  c5fs c1 s2  c1 s1  c5fs c4 s1  c1 s3  c5fs c4 s1  c1 s2  => 154296 dmg in 2825 frames
c5fs c5fs c1 s1  c3 s3  c5fs c1 s2  c1 s1  c5fs c4 s1  c1 s3  c5fs c4 s1  c1 s2  => 154376 dmg in 2836 frames
c5fs c5fs c1 s1  c4 s3  c4 s2  c4 s1  c5fs c4 s1  c4 s3  c4 s2  c4 s1  => 154822 dmg in 2837 frames
c5fs c4 s1  c4fs c1 s3  c4 s2  c2 s1  c5fs c4 s1  c1 s3  c5fs c4 s1  c4 s2  => 154877 dmg in 2850 frames
c5fs c5fs c1 s1  c4 s3  c4 s2  c4 s1  c5fs c4 s1  c1 s3  c5fs c4 s1  c1 s2  => 155462 dmg in 2855 frames
c5fs c5fs c1 s1  c4 s3  c5fs c1 s2  c1 s1  c5fs c4 s1  c1 s3  c5fs c4 s1  c1 s2  => 155820 dmg in 2876 frames
c5fs c4 s1  c5 c1 s3  c4 s1  c5 c1 s2  c4 s1  c4 s3  c5fs c4 s1  c4 s2  => 155960 dmg in 2892 frames
c5fs c5 c1 s1  c4 s3  c4 s2  c4 s1  c5fs c4 s3  c4 s1  c4 s2  c5 c1 s1  => 155960 dmg in 2895 frames
c5fs c4 s1  c5 c1 s3  c4 s1  c4 s2  c4fs c4 s1  c1 s3  c5fs c4 s1  c4 s2  => 156116 dmg in 2896 frames
c5fs c4fs c1 s1  c4 s3  c4 s2  c4 s1  c4fs c4 s3  c4 s1  c5fs c4 s1  c1 s2  => 156260 dmg in 2900 frames
c5fs c4 s1  c5fs c1 s3  c4 s2  c2 s1  c5fs c4 s1  c1 s3  c5fs c4 s1  c4 s2  => 156401 dmg in 2901 frames
c5fs c5fs c4 s3  c2 s1  c4 s2  c5 c1 s1  c5 c1 s3  c4 s1  c4 s2  c5 c1 s1  => 156571 dmg in 2907 frames
c5fs c4fs c1 s1  c4 s3  c4fs c1 s2  c1 s1  c5fs c4 s1  c1 s3  c5fs c4 s1  c4 s2  => 156618 dmg in 2921 frames
c5fs c5fs c4 s3  c2 s1  c5 c1 s2  c4 s1  c5 c1 s3  c4 s1  c5fs c1 s2  c3 s1  => 156813 dmg in 2922 frames
c5fs c5 c1 s1  c4 s3  c4 s2  c4 s1  c5fs c4 s1  s3  c5fs c4 s1  c4 s2  => 156937 dmg in 2931 frames
c5fs c5fs c1 s1  c4 s3  c5 s2  c1 s1  c5fs c4 s1  c1 s3  c5fs c4 s1  c4 s2  => 157164 dmg in 2933 frames
c5fs c5fs c4 s3  c1 s1  c5 c4 s2  c1 s1  c5 c1 s3  c4 s1  c5fs c4 s1  c1 s2  => 157490 dmg in 2942 frames
c5fs c5fs c4 s3  c2 s1  c5 c4 s2  c1 s1  c5 c1 s3  c4 s1  c5fs c4 s1  s2  => 157547 dmg in 2943 frames
c5fs c5 c1 s1  c4 s3  c4 s2  c4 s1  c5fs c4 s3  c4 s1  c5fs c4 s1  c1 s2  => 157758 dmg in 2947 frames
c5fs c4fs c1 s1  c4 s3  c4 s2  c4 s1  c5fs c4 s3  c4 s1  c5fs c4 s1  c1 s2  => 157903 dmg in 2951 frames
c5fs c5fs c4 s3  c2 s1  c5 c4 s2  c1 s1  c5 c1 s3  c4 s1  c5fs c4 s1  c1 s2  => 158369 dmg in 2959 frames
c5fs c5fs c4 s3  c1 s1  c5fs c4 s1  c1 s2  c5 s3  c4 s1  c5fs c4 s1  c1 s2  => 158467 dmg in 2962 frames
c5fs c5fs c4 s3  c2 s1  c5 c4 s2  c1 s1  c5fs c1 s3  c3 s1  c5fs c4 s1  c1 s2  => 158551 dmg in 2974 frames
c5fs c5fs c4 s3  c2 s1  c5fs c1 s2  c4 s1  c4 s3  c5 c1 s1  c5fs c3 s2  c1 s1  => 158611 dmg in 2977 frames
c5fs c5fs c4 s3  c2 s1  c5fs c4 s1  c1 s2  c4 s3  c5 s1  c5fs c4 s1  c1 s2  => 159346 dmg in 2979 frames
c5fs c5fs c4 s3  c1 s1  c5fs c4 s1  c1 s2  c4fs c1 s3  c4 s1  c5fs c4 s1  c1 s2  => 159384 dmg in 3001 frames
c5fs c5fs c4 s3  c2 s1  c5fs c4 s1  c1 s2  c4 s3  c4fs c1 s1  c5fs c4 s1  s2  => 159501 dmg in 3002 frames
c5fs c4 s1  c5 c1 s3  c4 s1  c5fs c4 s1  c4 s3  c5 c1 s1  c4 s2  c5 c1 s1  => 160131 dmg in 3005 frames
c5fs c5fs c4 s3  c2 s1  c5fs c4 s2  c1 s1  c4 s3  c5 c1 s1  c5fs c4 s1  c1 s2  => 160167 dmg in 3014 frames
c5fs c5fs c4 s3  c2 s1  c4 s2  c5fs c1 s1  c4 s3  c5fs c1 s1  c4 s2  c5 c1 s1  => 160167 dmg in 3017 frames
c5fs c5fs c4 s3  c2 s1  c5fs c4 s1  c1 s2  c4 s3  c4fs c1 s1  c5fs c4 s1  c1 s2  => 160323 dmg in 3018 frames
c5fs c4 s1  c5 c1 s3  c4 s1  c5fs c4 s1  c3 s3  c5fs c1 s1  c5 c1 s2  c4 s1  => 160373 dmg in 3020 frames
c5fs c4 s1  c5 c1 s3  c4 s1  c5fs c4 s1  c5 s3  c4 s2  c1 s1  c5fs c4 s1  => 161108 dmg in 3025 frames
c5fs c4 s1  c5fs c4 s1  c5 c4 s2  c1 s1  c5fs c4 s1  c5 c4 s2  c1 s1  => 166285 dmg in 3026 frames
c5fs c4 s1  c5fs c4 s1  c5fs c3 s2  c1 s1  c5fs c4 s1  c5 c4 s2  c1 s1  => 166510 dmg in 3041 frames
c5fs c4 s1  c5fs c4 s1  c5 c4 s2  c1 s1  c1 s3  c5 c4 s1  c5 c4 s2  c1 s1  => 170650 dmg in 3056 frames
c5fs c4 s1  c5fs c4 s1  c5 c1 s2  c4 s1  c1 s3  c5fs c3 s1  c5 c4 s2  c1 s1  => 170892 dmg in 3071 frames
c5fs c4 s1  c5fs c4 s1  c1 s3  c5 s2  c4 s1  c5fs c4 s1  c5 c4 s2  c1 s1  => 171627 dmg in 3076 frames
c5fs c4 s1  c5 c1 s3  c4 s1  c5 c4 s2  c1 s1  c4 s3  c5 c1 s1  c5 c4 s2  c1 s1  => 174614 dmg in 3086 frames
c5fs c4 s1  c5 c1 s3  c4 s1  c4 s2  c5 c1 s1  c3 s3  c5fs c1 s1  c5 c1 s2  c4 s1  => 174856 dmg in 3101 frames
c5fs c4 s1  c5 c1 s3  c4 s1  c5 c1 s2  c4 s1  c3 s3  c5fs c1 s1  c5fs c3 s2  c1 s1  => 175098 dmg in 3116 frames
c5fs c4 s1  c5 c1 s3  c4 s1  c5 c4 s2  c1 s1  c4 s3  c5 c1 s1  c5fs c4 s1  s2  => 175591 dmg in 3122 frames
c5fs c4 s1  c5 c1 s3  c4 s1  c5 c4 s2  c1 s1  c4 s3  c2fs c4 s1  c5 c4 s2  c1 s1  => 175649 dmg in 3131 frames
c5fs c4 s1  c5 c1 s3  c4 s1  c5 c4 s2  c1 s1  c3 s3  c5fs c1 s1  c5fs c4 s1  s2  => 175833 dmg in 3137 frames
c5fs c4 s1  c5 c1 s3  c4 s1  c5 c4 s2  c1 s1  c4 s3  c5 c1 s1  c5fs c4 s1  c1 s2  => 176412 dmg in 3138 frames
c5fs c4 s1  c5 c1 s3  c4 s1  c5 c4 s2  c1 s1  c4 s3  c5fs c1 s1  c5 c4 s2  c1 s1  => 176412 dmg in 3141 frames
c5fs c4 s1  c4fs c1 s3  c4 s2  c1 s1  c5fs c4 s1  c4 s3  c5 c1 s1  c5 c1 s2  c4 s1  => 176444 dmg in 3145 frames
c5fs c4 s1  c5 c1 s3  c4 s1  c5fs c3 s2  c1 s1  c4 s3  c5 c1 s1  c5fs c4 s1  c1 s2  => 176654 dmg in 3153 frames
c5fs c4 s1  c5 c1 s3  c4 s1  c5 c4 s2  c1 s1  c4 s3  c5fs c1 s1  c5fs c3 s2  c1 s1  => 176654 dmg in 3156 frames
c5fs c4 s1  c5 c1 s3  c4 s1  c5fs c4 s1  c1 s2  c4 s3  c5 s1  c5fs c4 s1  c1 s2  => 177276 dmg in 3158 frames
c5fs c4 s1  c4fs c1 s3  c4 s2  c1 s1  c5fs c4 s1  c4 s3  c5 s2  c1 s1  c5fs c4 s1  => 177421 dmg in 3165 frames
c5fs c4 s1  c5fs c1 s3  c3 s1  c5fs c4 s1  c1 s2  c4 s3  c5 s1  c5fs c4 s1  c1 s2  => 177501 dmg in 3173 frames
c5fs c4 s1  c5 c1 s3  c4 s1  c5fs c4 s2  c1 s1  c3 s3  c5fs c1 s1  c5fs c4 s1  s2  => 177631 dmg in 3192 frames
c5fs c4 s1  c5 c1 s3  c4 s1  c5 c4 s2  c1 s1  c4 s3  c5fs c1 s1  c5fs c4 s1  c1 s2  => 178210 dmg in 3193 frames
c5fs c4 s1  c5 c1 s3  c4 s1  c5fs c4 s1  c1 s2  c4 s3  c4fs c1 s1  c5fs c4 s1  c1 s2  => 178253 dmg in 3197 frames
c5fs c4 s1  c4fs c1 s3  c4 s2  c1 s1  c5fs c4 s1  c4 s3  c4fs c1 s2  c1 s1  c5fs c4 s1  => 178398 dmg in 3204 frames
c5fs c4 s1  c5 c1 s3  c4 s1  c5fs c4 s2  c1 s1  c3 s3  c5fs c1 s1  c5fs c4 s1  c1 s2  => 178453 dmg in 3208 frames
c5fs c4 s1  c4fs c1 s3  c4 s2  c1 s1  c5fs c4 s1  c3 s3  c5fs c1 s1  c5fs c4 s1  c1 s2  => 178597 dmg in 3212 frames
c5fs c4 s1  c5fs c1 s3  c4 s1  c5fs c4 s1  c1 s2  c4 s3  c5 s1  c5fs c4 s1  c1 s2  => 178944 dmg in 3213 frames
c5fs c4 s1  c5 c1 s3  c4 s1  c5fs c4 s2  c1 s1  c4 s3  c5fs c1 s1  c5fs c4 s1  s2  => 179075 dmg in 3232 frames
c5fs c4 s1  c4fs c1 s3  c4 s2  c1 s1  c5fs c4 s1  c4 s3  c5fs c1 s1  c5fs c4 s1  s2  => 179219 dmg in 3236 frames
c5fs c4 s1  c4fs c1 s3  c4 s2  c1 s1  c5fs c4 s1  c4 s3  c2fs c4 s1  c5fs c4 s1  c1 s2  => 179277 dmg in 3242 frames
c5fs c4 s1  c5fs c1 s3  c4 s1  c5fs c4 s2  s1  c3 s3  c5fs c1 s1  c5fs c4 s1  c1 s2  => 179299 dmg in 3247 frames
c5fs c4 s1  c5 c1 s3  c4 s1  c5fs c4 s2  c1 s1  c4 s3  c5fs c1 s1  c5fs c4 s1  c1 s2  => 179896 dmg in 3248 frames
c5fs c4 s1  c4fs c1 s3  c4 s2  c1 s1  c5fs c4 s1  c4 s3  c5fs c1 s1  c5fs c4 s1  c1 s2  => 180040 dmg in 3252 frames
c5fs c4 s1  c5fs c1 s3  c4 s2  c1 s1  c5fs c4 s1  c3 s3  c5fs c1 s1  c5fs c4 s1  c1 s2  => 180121 dmg in 3263 frames
c5fs c4 s1  c5fs c1 s3  c4 s1  c5fs c4 s1  c1 s2  c1fs c1 s3  c5fs c1 s1  c5fs c4 s1  c1 s2  => 180391 dmg in 3274 frames
c5fs c4 s1  c5fs c1 s3  c4 s1  c5fs c4 s2  s1  c4 s3  c5fs c1 s1  c5fs c4 s1  c1 s2  => 180743 dmg in 3287 frames
c5fs c4 s1  c2fs c4 s3  c4 s2  c1 s1  c5fs c4 s1  c4 s3  c5fs c1 s1  c5fs c4 s1  c1 s2  => 180856 dmg in 3293 frames
c5fs c4 s1  c4fs c1 s3  c4 s2  c1 s1  c5fs c4 s1  c4 s3  c5fs c1 s1  c5fs c4 s1  c2 s2  => 180919 dmg in 3298 frames
c5fs c4 s1  c5fs c1 s3  c4 s2  c1 s1  c5fs c4 s1  c4 s3  c5fs c1 s1  c5fs c4 s1  c1 s2  => 181564 dmg in 3303 frames
c5fs c4 s1  c5 c1 s3  c4 s1  c5fs c4 s1  c4 s2  c1 s3  c5fs c1 s1  c5fs c5 s1  c1 s2  => 181592 dmg in 3326 frames
c5fs c4 s1  c4fs c1 s3  c4 s2  c1 s1  c5fs c4 s1  c4 s3  c5fs c1 s1  c5fs c5 s1  c1 s2  => 181683 dmg in 3330 frames
c5fs c4 s1  c4fs c1 s3  c4 s2  c1 s1  c5fs c5fs c1 s1  c1 s3  c5 s2  c4 s1  c5fs c4 s1  => 181736 dmg in 3333 frames
c5fs c4 s1  c5 c1 s3  c4 s1  c5fs c4 s1  c4 s2  c3 s3  c4 s1  c5fs c4 s1  c4 s2  => 181770 dmg in 3334 frames
c5fs c4 s1  c5 c4 s3  c4 s1  c5 c4 s2  c1 s1  c4 s3  c5fs c1 s1  c5fs c4 s1  c1 s2  => 181833 dmg in 3340 frames
c5fs c4fs c1 s1  c4 s3  c4 s2  c4 s1  c5fs c4 s1  c3 s3  c4 s2  c4 s1  c5fs c4 s1  => 181915 dmg in 3341 frames
c5fs c5fs c1 s1  c4 s3  c4 s2  c4 s1  c5fs c4 s1  c1 s3  c5 c4 s1  c5 c4 s2  c1 s1  => 181926 dmg in 3343 frames
c5fs c4 s1  c5 c1 s3  c4 s1  c4fs c4 s2  c4 s1  c4 s3  c5fs c1 s1  c5fs c4 s1  c1 s2  => 181988 dmg in 3344 frames
c5fs c4 s1  c5 c1 s3  c4 s1  c5fs c4 s1  c4 s2  c1fs c1 s3  c4 s1  c5fs c4 s1  c4 s2  => 182022 dmg in 3345 frames
c5fs c4 s1  c5fs c1 s3  c4 s2  c1 s1  c5fs c4 s1  c4 s3  c4fs c4 s1  c5 c4 s2  c1 s1  => 182028 dmg in 3347 frames
c5fs c4 s1  c5fs c1 s3  c4 s2  c1 s1  c5fs c4 s1  c4 s3  c5fs c1 s1  c5fs c4 s1  c2 s2  => 182443 dmg in 3349 frames
c5fs c4 s1  c5fs c1 s3  c4 s1  c5fs c4 s1  c4 s2  c1 s3  c5 s1  c5fs c4 s1  c4 s2  => 182902 dmg in 3360 frames
c5fs c4 s1  c5 c1 s3  c4 s1  c5fs c4 s1  c4 s2  c4 s3  c4 s1  c5fs c4 s1  c4 s2  => 183214 dmg in 3374 frames
c5fs c4fs c1 s1  c4 s3  c4 s2  c4 s1  c5fs c4 s1  c4 s3  c4 s2  c4 s1  c5fs c4 s1  => 183358 dmg in 3381 frames
c5fs c4 s1  c5fs c1 s3  c4 s1  c5fs c4 s1  c4 s2  c3 s3  c4 s1  c5fs c4 s1  c4 s2  => 183438 dmg in 3389 frames
c5fs c5 c1 s1  c4 s3  c4 s2  c4 s1  c5fs c4 s1  c4 s3  c5fs c1 s1  c5fs c4 s1  c1 s2  => 183571 dmg in 3395 frames
c5fs c4fs c1 s1  c4 s3  c4 s2  c4 s1  c5fs c4 s1  c4 s3  c5fs c1 s1  c5fs c4 s1  c1 s2  => 183716 dmg in 3399 frames
c5fs c4 s1  c5fs c2 s3  c4 s1  c5fs c4 s1  c4 s2  c1 s3  c5 s1  c5fs c4 s1  c4 s2  => 183718 dmg in 3406 frames
c5fs c5fs c1 s1  c4 s3  c4 s2  c4 s1  c5fs c4 s1  c3 s3  c5fs c1 s1  c5fs c4 s1  c1 s2  => 183796 dmg in 3410 frames
c5fs c5 c1 s1  c4 s3  c5fs c1 s2  c1 s1  c5fs c4 s1  c4 s3  c5fs c1 s1  c5fs c4 s1  c1 s2  => 183929 dmg in 3416 frames
c5fs c4 s1  c2fs c4 s3  c4 s1  c5fs c4 s1  c4 s2  c4 s3  c4 s1  c5fs c4 s1  c4 s2  => 184174 dmg in 3419 frames
c5fs c4 s1  c5fs c1 s3  c4 s1  c5fs c4 s1  c4 s2  c4 s3  c4 s1  c5fs c4 s1  c4 s2  => 184882 dmg in 3429 frames
c5fs c5fs c1 s1  c4 s3  c4 s2  c4 s1  c5fs c4 s1  c4 s3  c5fs c1 s1  c5fs c4 s1  c1 s2  => 185239 dmg in 3450 frames
c5fs c5fs c1 s1  c4 s3  c5fs c1 s1  c5fs c4 s2  c1 s1  c4 s3  c5fs c1 s1  c5fs c4 s1  c1 s2  => 185597 dmg in 3471 frames
c5fs c4 s1  c5fs c2 s3  c4 s1  c5fs c4 s1  c4 s2  c4 s3  c4 s1  c5fs c4 s1  c4 s2  => 185697 dmg in 3475 frames
c5fs c4 s1  c5fs c1 s3  c4 s1  c5fs c4 s1  c4 s2  c4 s3  c4 s1  c5 c4fs c1 s1  c4 s2  => 185703 dmg in 3491 frames
c5fs c4 s1  c5fs c1 s3  c4 s1  c5fs c4 s1  c4 s2  c4 s3  c4 s1  c4fs c4fs c1 s1  c4 s2  => 185859 dmg in 3495 frames
c5fs c5fs c1 s1  c4 s3  c4 s2  c4 s1  c5fs c4 s1  c4 s3  c5fs c1 s1  c5fs c4 s1  c2 s2  => 186118 dmg in 3496 frames
c5fs c4 s1  c5fs c4 s3  c4 s1  c5fs c4 s1  c4 s2  c1 s3  c5 s1  c5fs c4 s1  c4 s2  => 186525 dmg in 3507 frames
c5fs c4 s1  c5 c4 s3  c4 s1  c5fs c4 s1  c4 s2  c4 s3  c4 s1  c5fs c4 s1  c4 s2  => 186836 dmg in 3521 frames
c5fs c4 s1  c4fs c4 s3  c4 s1  c5fs c4 s1  c4 s2  c4 s3  c4 s1  c5fs c4 s1  c4 s2  => 186980 dmg in 3525 frames
c5fs c4 s1  c5fs c3 s3  c4 s1  c5fs c4 s1  c4 s2  c4 s3  c4 s1  c5fs c4 s1  c4 s2  => 187061 dmg in 3536 frames
c5fs c4 s1  c5 c4 s3  c4 s1  c5fs c4 s2  c4 s1  c4 s3  c5fs c1 s1  c5fs c4 s1  c1 s2  => 187193 dmg in 3542 frames
c5fs c4fs c4 s1  c4 s3  c4 s2  c4 s1  c5fs c4 s1  c4 s3  c5fs c1 s1  c5fs c4 s1  c1 s2  => 187338 dmg in 3546 frames
c5fs c4 s1  c5fs c4 s3  c4 s1  c5fs c4 s1  c4 s2  c2 s3  c5 s1  c5fs c4 s1  c4 s2  => 187340 dmg in 3553 frames
c5fs c4 s1  c5fs c3 s3  c4 s1  c5fs c4 s1  c4 s2  c4 s3  c5fs c1 s1  c5fs c4 s1  c1 s2  => 187418 dmg in 3557 frames
c5fs c4 s1  c5 c4 s3  c4 s1  c5fs c5fs c1 s2  c1 s1  c4 s3  c5fs c1 s1  c5fs c4 s1  c1 s2  => 187551 dmg in 3563 frames
c5 c5 s1  c5 c4 s2  c4 s1  c5 c5 s1  c5 s2  c5 s1  c5 c5 s1  c4 s2  => 188960 dmg in 3565 frames
c5 c5 s1  c5 c4 s2  c5 s1  c5 c5 s1  c4 s2  c5 c1 s1  c5fs c4 s1  c4 s2  => 189867 dmg in 3577 frames
c5 c5 s1  c5 c4 s2  c4 s1  c5fs c4 s1  c5 c1 s2  c4 s1  c5 c5 c2 s1  c4 s2  => 189920 dmg in 3580 frames
c5 c5 s1  c5 c4 s2  c5 s1  c5 c5 s1  c4 s2  c4fs c4 s1  c5fs c4 s1  c1 s2  => 190011 dmg in 3581 frames
c5 c5 s1  c5 c4 s2  c4 s1  c5 c5 c4 s1  c2 s2  c4fs c4 s1  c5fs c4 s1  c1 s2  => 190064 dmg in 3584 frames
c5 c5 s1  c5 c4 s2  c5 c1 s1  c5fs c4 s1  c4 s2  c5 c1 s1  c5fs c4 s1  c4 s2  => 190773 dmg in 3589 frames
c5 c5 s1  c5 c4 s2  c4 s1  c5fs c4 s1  c5 c1 s2  c4 s1  c5fs c4 s1  c4fs c1 s2  => 190917 dmg in 3593 frames
c5 c5 s1  c5 c4 s2  c1 s1  c5fs c4 s1  c4fs c4 s2  c4 s1  c5fs c4 s1  c4fs c1 s2  => 191062 dmg in 3597 frames
