s3  => 10700 dmg in 6 frames
c1 s3  => 11677.9 dmg in 24 frames
c2 s3  => 12217.3 dmg in 53 frames
c3 s3  => 12803.6 dmg in 95 frames
s1  s3  => 19713.6 dmg in 120 frames
s1  c1 s3  => 20691.4 dmg in 135 frames
c1 s1  c1 s3  => 21669.3 dmg in 153 frames
c1 s1  c2 s3  => 22208.7 dmg in 182 frames
c2 s1  c2 s3  => 22748.1 dmg in 211 frames
c3 s1  c1 s3  => 22795 dmg in 224 frames
s2  c1 s1  s3  => 24829.7 dmg in 234 frames
s2  c2 s1  s3  => 25477 dmg in 236 frames
s2  c1 s1  c1 s3  => 26003.2 dmg in 249 frames
s2  c2 s1  c1 s3  => 26650.4 dmg in 251 frames
c1 s2  c1 s1  c1 s3  => 26981.1 dmg in 267 frames
c1 s2  c2 s1  c1 s3  => 27628.3 dmg in 269 frames
c1 s2  c2 s1  c2 s3  => 28275.6 dmg in 298 frames
c1 s2  c3 s1  c1 s3  => 28331.9 dmg in 311 frames
c2 s2  c2 s1  c2 s3  => 28815 dmg in 327 frames
s2  c4 s1  c1 s3  => 28974.7 dmg in 331 frames
c1 s2  c3 s1  c2 s3  => 28979.2 dmg in 340 frames
c1 s2  c4 s1  c1 s3  => 29952.6 dmg in 349 frames
c1 s2  c4 s1  c2 s3  => 30599.8 dmg in 378 frames
s2  c5 s1  c1 s3  => 30757.4 dmg in 398 frames
c2 s2  c4 s1  c2 s3  => 31139.2 dmg in 407 frames
c1 s2  c5 s1  c1 s3  => 31735.3 dmg in 416 frames
s2  c4 s1  c4 s3  => 31946.2 dmg in 440 frames
c1 s2  c5 s1  c2 s3  => 32382.5 dmg in 445 frames
c1 s2  c4 s1  c4 s3  => 32924.1 dmg in 458 frames
c2 s2  c4 s1  c4 s3  => 33463.4 dmg in 487 frames
s2  c4 s1  c5 s3  => 33728.9 dmg in 507 frames
c1 s2  c5 s1  c4 s3  => 34706.8 dmg in 525 frames
c2 s2  c5 s1  c4 s3  => 35246.1 dmg in 554 frames
c4 s2  c4 s1  c4 s3  => 35400.3 dmg in 567 frames
s2  c5 s1  c5 s3  => 35511.6 dmg in 574 frames
c1 s2  c5 s1  c5 s3  => 36489.5 dmg in 592 frames
c2 s2  c5 s1  c5 s3  => 37028.8 dmg in 621 frames
s1  c5 s3  c5 s1  => 38606.5 dmg in 625 frames
s1  c4 s2  c5 s3  s1  => 42051.6 dmg in 627 frames
s1  c4 s2  c5 s3  c1 s1  => 43225.1 dmg in 645 frames
c1 s1  c2 s2  c5 s3  c3 s1  => 43616.9 dmg in 654 frames
c1 s1  c1 s2  c5 s3  c4 s1  => 44698.2 dmg in 663 frames
c1 s1  c2 s2  c4 s3  c5 s1  => 45237.6 dmg in 692 frames
c1 s1  c4 s2  c4 s3  c4 s1  => 45391.7 dmg in 705 frames
s1  c1 s2  c5 s3  c5 s1  => 45503 dmg in 712 frames
c2 s1  c2 s2  c4 s3  c5 s1  => 45776.9 dmg in 721 frames
c1 s1  c1 s2  c5 s3  c5 s1  => 46480.9 dmg in 730 frames
c2 s1  c1 s2  c5 s3  c5 s1  => 47020.3 dmg in 759 frames
c1 s1  c4 s2  c5 s3  c4 s1  => 47174.4 dmg in 772 frames
c2 s1  c2 s2  c5 s3  c5 s1  => 47559.6 dmg in 788 frames
c2 s1  c4 s2  c5 s3  c4 s1  => 47713.8 dmg in 801 frames
c4 s1  c4 s2  c4 s3  c4 s1  => 47868 dmg in 814 frames
s1  c4 s2  c5 s3  c5 s1  => 47979.2 dmg in 821 frames
s2  c5 s1  c5 s3  c1 s2  c2 s1  => 49126.4 dmg in 828 frames
c1 s2  c5 s1  c5 s3  c1 s2  c2 s1  => 50104.3 dmg in 846 frames
c2 s2  c5 s1  c5 s3  c1 s2  c2 s1  => 50643.7 dmg in 875 frames
c1 s2  c5 s1  c5 s3  c1 s2  c3 s1  => 50807.9 dmg in 888 frames
c2 s2  c5 s1  c5 s3  c2 s2  c2 s1  => 51183.1 dmg in 904 frames
c1 s2  c5 s1  c5 s3  s2  c4 s1  => 51450.7 dmg in 908 frames
c1 s2  c5 s1  c5 s3  c1 s2  c4 s1  => 52428.5 dmg in 926 frames
c1 s2  c5 s1  c5 s3  c2 s2  c4 s1  => 52967.9 dmg in 955 frames
c1 s2  c4 s1  c5 s3  c4 s2  c4 s1  => 53122.1 dmg in 968 frames
s2  c5 s1  c5 s3  c1 s2  c5 s1  => 53233.4 dmg in 975 frames
c2 s2  c5 s1  c5 s3  c2 s2  c4 s1  => 53507.3 dmg in 984 frames
c1 s2  c5 s1  c5 s3  c1 s2  c5 s1  => 54211.2 dmg in 993 frames
c1 s2  c5 s1  c5 s3  c2 s2  c5 s1  => 54750.6 dmg in 1022 frames
c1 s2  c5 s1  c5 s3  c4 s2  c4 s1  => 54904.8 dmg in 1035 frames
c2 s2  c5 s1  c5 s3  c2 s2  c5 s1  => 55290 dmg in 1051 frames
c2 s2  c5 s1  c5 s3  c4 s2  c4 s1  => 55444.2 dmg in 1064 frames
c4 s2  c4 s1  c5 s3  c4 s2  c4 s1  => 55598.3 dmg in 1077 frames
s2  c5 s3  c5 s1  c4 s2  c5 s1  => 55709.6 dmg in 1084 frames
s1  c5 c5 s1  c2 s2  c5 s3  s1  => 57319.2 dmg in 1086 frames
s1  c5 s2  c5 s1  c5 s3  c3 s1  => 60582 dmg in 1088 frames
c1 s1  c5 s2  c5 s1  c5 s3  c3 s1  => 61559.8 dmg in 1106 frames
s1  c5 s2  c5 s1  c5 s2  c2 s3  s1  => 62101.8 dmg in 1115 frames
s1  c5 s2  c5 s1  c5 s2  c2 s3  c1 s1  => 63275.2 dmg in 1133 frames
c1 s1  c5 s2  c5 s1  c5 s2  c2 s3  c1 s1  => 64253.1 dmg in 1151 frames
c1 s1  c1 s2  c5 s3  c4 s1  c5 s2  c4 s1  => 64599.1 dmg in 1164 frames
c1 s1  c5 s2  c5 s1  c5 s2  c2 s3  c2 s1  => 64900.4 dmg in 1180 frames
c1 s1  c5 s2  c5 s1  c5 s2  c3 s1  c1 s3  => 64956.7 dmg in 1184 frames
c1 s1  c2 s2  c4 s3  c5 s1  c4 s2  c5 s1  => 65435.6 dmg in 1193 frames
s1  c5 s2  c5 s1  c5 s2  c4 s1  c1 s3  => 65599.5 dmg in 1204 frames
s1  c1 s2  c5 s3  c5 s1  c4 s2  c5 s1  => 65701 dmg in 1213 frames
c1 s1  c5 s2  c5 s1  c5 s2  c4 s1  c1 s3  => 66577.4 dmg in 1222 frames
c1 s1  c1 s2  c5 s3  c5 s1  c4 s2  c5 s1  => 66678.9 dmg in 1231 frames
c1 s1  c5 s2  c5 s1  c5 s2  c4 s1  c2 s3  => 67224.6 dmg in 1251 frames
s1  c5 s2  c5 s1  c5 s2  c5 s1  c1 s3  => 67382.2 dmg in 1271 frames
c2 s1  c5 s2  c5 s1  c5 s2  c4 s1  c2 s3  => 67764 dmg in 1280 frames
c1 s1  c5 s2  c5 s1  c5 s2  c5 s1  c1 s3  => 68360.1 dmg in 1289 frames
s1  c5 s2  c5 s1  c5 s2  c4 s1  c4 s3  => 68571 dmg in 1313 frames
c1 s1  c5 s2  c5 s1  c5 s2  c5 s1  c2 s3  => 69007.3 dmg in 1318 frames
c1 s1  c5 s2  c5 s1  c5 s2  c4 s1  c4 s3  => 69548.9 dmg in 1331 frames
c2 s1  c5 s2  c5 s1  c5 s2  c4 s1  c4 s3  => 70088.2 dmg in 1360 frames
s1  c5 s2  c5 s1  c5 s2  c4 s1  c5 s3  => 70353.7 dmg in 1380 frames
c1 s1  c5 s2  c5 s1  c5 s2  c4 s1  c5 s3  => 71331.6 dmg in 1398 frames
c2 s1  c5 s2  c5 s1  c5 s2  c4 s1  c5 s3  => 71870.9 dmg in 1427 frames
c4 s1  c5 s2  c5 s1  c5 s2  c4 s1  c4 s3  => 72025.1 dmg in 1440 frames
s1  c5 s2  c5 s1  c5 s2  c5 s1  c5 s3  => 72136.4 dmg in 1447 frames
c1 s1  c5 s2  c5 s1  c5 s2  c5 s1  c5 s3  => 73114.3 dmg in 1465 frames
c1 s2  c2 s1  c5 s3  c5 s2  c5 s1  c5 s2  c3 s1  => 73411 dmg in 1485 frames
c2 s1  c5 s2  c5 s1  c5 s2  c5 s1  c5 s3  => 73653.6 dmg in 1494 frames
c1 s2  c4 s1  c4 s3  c5 s2  c5 s1  c5 s2  c3 s1  => 73952.6 dmg in 1498 frames
c1 s2  c5 s1  c2 s3  c5 s2  c5 s1  c5 s2  c4 s1  => 75031.7 dmg in 1523 frames
c1 s2  c4 s1  c4 s3  c5 s2  c5 s1  c5 s2  c4 s1  => 75573.2 dmg in 1536 frames
s1  c5 s2  c5 s1  c5 s3  c3 s1  c5 c4 s1  => 76300.9 dmg in 1560 frames
c1 s1  c5 s2  c5 s1  c5 s3  c3 s1  c5 c4 s1  => 77278.8 dmg in 1578 frames
s1  c5 s2  c5 s1  c5 s2  c3 s1  c5 s3  c4 s1  => 81200.7 dmg in 1589 frames
c1 s1  c5 s2  c5 s1  c5 s2  c3 s1  c5 s3  c4 s1  => 82178.6 dmg in 1607 frames
s1  c5 s2  c5 s1  c5 s2  c4 s1  c5 s3  c4 s1  => 82821.3 dmg in 1627 frames
c1 s1  c5 s2  c5 s1  c5 s2  c4 s1  c5 s3  c4 s1  => 83799.2 dmg in 1645 frames
s1  c5 s2  c5 s1  c5 s2  c4 s1  c5 s3  c2 s2  c2 s1  => 84507.9 dmg in 1663 frames
s1  c5 s2  c5 s1  c5 s2  c4 s1  c4 s3  c4 s2  c2 s1  => 84738.8 dmg in 1676 frames
c1 s1  c5 s2  c5 s1  c5 s2  c4 s1  c5 s3  c2 s2  c2 s1  => 85485.8 dmg in 1681 frames
c1 s1  c5 s2  c5 s1  c5 s2  c4 s1  c4 s3  c4 s2  c2 s1  => 85716.6 dmg in 1694 frames
s1  c5 s2  c5 s1  c5 s2  c5 s1  c5 s2  c2 s3  c1 s1  => 85946.8 dmg in 1701 frames
c2 s1  c5 s2  c5 s1  c5 s2  c4 s1  c5 s3  c2 s2  c2 s1  => 86025.2 dmg in 1710 frames
c1 s1  c5 s2  c5 s1  c5 s2  c4 s1  c5 s3  s2  c4 s1  => 86292.8 dmg in 1714 frames
c1 s1  c5 s2  c5 s1  c5 s2  c5 s1  c5 s2  c2 s3  c1 s1  => 86924.7 dmg in 1719 frames
c1 s1  c5 s2  c5 s1  c5 s2  c4 s1  c5 s3  c1 s2  c4 s1  => 87270.6 dmg in 1732 frames
c1 s1  c5 s2  c5 s1  c5 s2  c5 s1  c5 s2  c2 s3  c2 s1  => 87571.9 dmg in 1748 frames
c1 s1  c5 s2  c5 s1  c5 s2  c5 s1  c5 s2  c3 s1  c1 s3  => 87628.3 dmg in 1752 frames
c1 s1  c5 s2  c5 s1  c5 s2  c4 s1  c5 s3  c2 s2  c4 s1  => 87810 dmg in 1761 frames
s1  c5 s2  c5 s1  c5 s2  c5 s1  c5 s2  c4 s1  c1 s3  => 88271 dmg in 1772 frames
c1 s1  c5 s2  c5 s1  c5 s2  c5 s1  c5 s2  c3 s1  c2 s3  => 88275.5 dmg in 1781 frames
c1 s1  c5 s2  c5 s1  c5 s2  c5 s1  c5 s2  c4 s1  c1 s3  => 89248.9 dmg in 1790 frames
c1 s1  c5 s2  c5 s1  c5 s2  c5 s1  c5 s2  c4 s1  c2 s3  => 89896.2 dmg in 1819 frames
s1  c5 s2  c5 s1  c5 s2  c5 s1  c5 s2  c5 s1  c1 s3  => 90053.7 dmg in 1839 frames
c2 s1  c5 s2  c5 s1  c5 s2  c5 s1  c5 s2  c4 s1  c2 s3  => 90435.5 dmg in 1848 frames
c1 s1  c5 s2  c5 s1  c5 s2  c5 s1  c5 s2  c5 s1  c1 s3  => 91031.6 dmg in 1857 frames
s1  c5 s2  c5 s1  c5 s2  c5 s1  c5 s2  c4 s1  c4 s3  => 91242.5 dmg in 1881 frames
c1 s1  c5 s2  c5 s1  c5 s2  c5 s1  c5 s2  c5 s1  c2 s3  => 91678.9 dmg in 1886 frames
c1 s1  c5 s2  c5 s1  c5 s2  c5 s1  c5 s2  c4 s1  c4 s3  => 92220.4 dmg in 1899 frames
c2 s1  c5 s2  c5 s1  c5 s2  c5 s1  c5 s2  c4 s1  c4 s3  => 92759.8 dmg in 1928 frames
s1  c5 s2  c5 s1  c5 s2  c5 s1  c5 s2  c4 s1  c5 s3  => 93025.2 dmg in 1948 frames
c1 s1  c5 s2  c5 s1  c5 s2  c5 s1  c5 s2  c4 s1  c5 s3  => 94003.1 dmg in 1966 frames
c2 s1  c5 s2  c5 s1  c5 s2  c5 s1  c5 s2  c4 s1  c5 s3  => 94542.5 dmg in 1995 frames
c4 s1  c5 s2  c5 s1  c5 s2  c5 s1  c5 s2  c4 s1  c4 s3  => 94696.7 dmg in 2008 frames
s1  c5 s2  c5 s1  c5 s2  c5 s1  c5 s2  c5 s1  c5 s3  => 94807.9 dmg in 2015 frames
c1 s1  c5 s2  c5 s1  c5 s2  c5 s1  c5 s2  c5 s1  c5 s3  => 95785.8 dmg in 2033 frames
c1 s2  c2 s1  c5 s3  c5 s2  c5 s1  c5 s2  c5 s1  c5 s2  c3 s1  => 96082.6 dmg in 2053 frames
s1  c5 s2  c5 s1  c5 s3  c3 s1  c5 s2  c4 s1  c5 c4 s1  => 96928.8 dmg in 2061 frames
c1 s1  c5 s2  c5 s1  c5 s3  c3 s1  c5 s2  c4 s1  c5 c4 s1  => 97906.6 dmg in 2079 frames
s1  c5 s2  c5 s1  c5 s2  c3 s1  c5 s3  c4 s1  c5 s2  c4 s1  => 101102 dmg in 2090 frames
c1 s1  c5 s2  c5 s1  c5 s2  c3 s1  c5 s3  c4 s1  c5 s2  c4 s1  => 102080 dmg in 2108 frames
s1  c5 s2  c5 s1  c5 s2  c4 s1  c5 s3  c4 s1  c5 s2  c4 s1  => 102722 dmg in 2128 frames
c1 s1  c5 s2  c5 s1  c5 s2  c4 s1  c5 s3  c4 s1  c5 s2  c4 s1  => 103700 dmg in 2146 frames
s1  c5 s2  c5 s1  c5 s2  c5 s1  c5 s2  c3 s1  c5 s3  c4 s1  => 103872 dmg in 2157 frames
c1 s1  c5 s2  c5 s1  c5 s2  c5 s1  c5 s2  c3 s1  c5 s3  c4 s1  => 104850 dmg in 2175 frames
s1  c5 s2  c5 s1  c5 s2  c5 s1  c5 s2  c4 s1  c5 s3  c4 s1  => 105493 dmg in 2195 frames
c1 s3  c5 s1  c5 s2  c5 s1  c5 s2  c5 s1  c5 s2  c5 s1  c2 s3  => 107319 dmg in 2200 frames
c1 s3  c4 s1  c5 s2  c5 s1  c5 s2  c5 s1  c5 s2  c5 s1  c4 s3  => 108157 dmg in 2213 frames
c2 s3  c4 s1  c5 s2  c5 s1  c5 s2  c5 s1  c5 s2  c5 s1  c4 s3  => 108697 dmg in 2242 frames
s3  c4 s1  c5 s2  c5 s1  c5 s2  c5 s1  c5 s2  c5 s1  c5 s3  => 108962 dmg in 2262 frames
c2 s3  c3 s1  c5 s2  c5 s1  c5 s2  c5 s1  c5 s2  c5 s1  c5 s3  => 109129 dmg in 2271 frames
c1 s3  c5 s2  c5 s1  c5 s2  c5 s1  c5 s2  c5 s1  c5 s2  c2 s3  s1  => 110109 dmg in 2278 frames
s2  c3 s3  c5 s1  c5 s2  c5 s1  c5 s2  c5 s1  c5 s2  c5 s1  s3  => 111975 dmg in 2296 frames
s2  c3 s3  c5 s1  c5 s2  c5 s1  c5 s2  c5 s1  c5 s2  c5 s1  c1 s3  => 113148 dmg in 2311 frames
c1 s2  c2 s3  c5 s1  c5 s2  c5 s1  c5 s2  c5 s1  c5 s2  c5 s1  c2 s3  => 114147 dmg in 2316 frames
c1 s2  c2 s3  c5 s1  c5 s2  c5 s1  c5 s2  c5 s1  c5 s2  c4 s1  c4 s3  => 114688 dmg in 2329 frames
s2  c4 s3  c5 s1  c5 s2  c5 s1  c5 s2  c5 s1  c5 s2  c5 s1  c1 s3  => 114769 dmg in 2349 frames
c2 s2  c2 s3  c5 s1  c5 s2  c5 s1  c5 s2  c5 s1  c5 s2  c4 s1  c4 s3  => 115228 dmg in 2358 frames
c1 s3  c1 s1  c5 s2  c5 s1  c5 s2  c4 s1  c5 c4 s1  c5 s2  c4 s1  c2 s3  => 115249 dmg in 2362 frames
c1 s2  c4 s3  c5 s1  c5 s2  c5 s1  c5 s2  c5 s1  c5 s2  c5 s1  c1 s3  => 115747 dmg in 2367 frames
s3  c1 s1  c5 s2  c5 s1  c5 s2  c5 s1  c5 s2  c5 s1  c5 s2  c2 s3  s1  => 119123 dmg in 2389 frames
s3  c1 s1  c5 s2  c5 s1  c5 s2  c5 s1  c5 s2  c5 s1  c5 s2  c2 s3  c1 s1  => 120296 dmg in 2407 frames
c1 s3  c1 s1  c5 s2  c5 s1  c5 s2  c5 s1  c5 s2  c5 s1  c5 s2  c2 s3  c1 s1  => 121274 dmg in 2425 frames
c1 s3  c1 s1  c5 s2  c5 s1  c5 s2  c5 s1  c5 s2  c5 s1  c5 s2  c2 s3  c2 s1  => 121921 dmg in 2454 frames
c1 s3  c1 s1  c5 s2  c5 s1  c5 s2  c5 s1  c5 s2  c5 s1  c5 s2  c3 s1  c1 s3  => 121978 dmg in 2458 frames
s3  c1 s1  c5 s2  c5 s1  c5 s2  c5 s1  c5 s2  c5 s1  c5 s2  c4 s1  c1 s3  => 122620 dmg in 2478 frames
c1 s3  c1 s1  c5 s2  c5 s1  c5 s2  c5 s1  c5 s2  c5 s1  c5 s2  c3 s1  c2 s3  => 122625 dmg in 2487 frames
c1 s3  c1 s1  c5 s2  c5 s1  c5 s2  c5 s1  c5 s2  c5 s1  c5 s2  c4 s1  c1 s3  => 123598 dmg in 2496 frames
c1 s1  c2 s2  c4 s3  c5 s1  c5 s2  c5 s1  c5 s2  c5 s1  c5 s2  c5 s1  s3  => 125104 dmg in 2510 frames
c1 s1  c2 s2  c4 s3  c5 s1  c5 s2  c5 s1  c5 s2  c5 s1  c5 s2  c5 s1  c1 s3  => 126278 dmg in 2525 frames
s1  c1 s2  c5 s3  c5 s1  c5 s2  c5 s1  c5 s2  c5 s1  c5 s2  c5 s1  c1 s3  => 126543 dmg in 2545 frames
c1 s1  c2 s2  c4 s3  c5 s1  c5 s2  c5 s1  c5 s2  c5 s1  c5 s2  c5 s1  c2 s3  => 126925 dmg in 2554 frames
c1 s1  c1 s2  c5 s3  c5 s1  c5 s2  c5 s1  c5 s2  c5 s1  c5 s2  c5 s1  c1 s3  => 127521 dmg in 2563 frames
s1  c1 s2  c5 s3  c5 s1  c5 s2  c5 s1  c5 s2  c5 s1  c5 s2  c4 s1  c4 s3  => 127732 dmg in 2587 frames
c1 s1  c1 s2  c5 s3  c5 s1  c5 s2  c5 s1  c5 s2  c5 s1  c5 s2  c5 s1  c2 s3  => 128168 dmg in 2592 frames
c1 s1  c1 s2  c5 s3  c4 s1  c5 s2  c5 s1  c5 s2  c5 s1  c5 s2  c4 s1  c5 s3  => 128710 dmg in 2605 frames
c2 s1  c1 s2  c5 s3  c4 s1  c5 s2  c5 s1  c5 s2  c5 s1  c5 s2  c4 s1  c5 s3  => 129249 dmg in 2634 frames
c1 s1  c4 s2  c4 s3  c4 s1  c5 s2  c5 s1  c5 s2  c5 s1  c5 s2  c4 s1  c5 s3  => 129480 dmg in 2647 frames
s1  c1 s2  c5 s3  c5 s1  c5 s2  c5 s1  c5 s2  c5 s1  c5 s2  c4 s1  c5 s3  => 129515 dmg in 2654 frames
c2 s1  c2 s2  c5 s3  c4 s1  c5 s2  c5 s1  c5 s2  c5 s1  c5 s2  c4 s1  c5 s3  => 129789 dmg in 2663 frames
c1 s1  c1 s2  c5 s3  c4 s1  c5 s2  c5 s1  c5 s2  c5 s1  c5 s2  c5 s1  c5 s3  => 130493 dmg in 2672 frames
c1 s2  c2 s3  c5 s1  c5 s2  c5 s1  c5 s2  c5 s1  c5 s2  c4 s1  c5 s3  c2 s2  c2 s1  => 130625 dmg in 2679 frames
c1 s2  c4 s3  c4 s1  c5 s2  c5 s1  c5 s2  c5 s1  c5 s2  c4 s1  c5 s3  c2 s2  c2 s1  => 131167 dmg in 2692 frames
c1 s2  c4 s3  c4 s1  c5 s2  c5 s1  c5 s2  c5 s1  c5 s2  c4 s1  c5 s3  c1 s2  c3 s1  => 131331 dmg in 2705 frames
c1 s2  c2 s3  c5 s1  c5 s2  c5 s1  c5 s2  c5 s1  c5 s2  c4 s1  c5 s3  s2  c4 s1  => 131432 dmg in 2712 frames
c1 s2  c5 s3  c2 s1  c5 s2  c5 s1  c5 s2  c5 s1  c5 s2  c5 s1  c5 s2  c2 s3  c1 s1  => 132064 dmg in 2717 frames
c1 s2  c4 s3  c4 s1  c5 s2  c5 s1  c5 s2  c5 s1  c5 s2  c5 s1  c5 s2  c2 s3  c1 s1  => 132606 dmg in 2730 frames
c1 s1  c2 s2  c4 s3  c5 s1  c4 s2  c5 s1  c5 c3 s1  c5 s2  c5 s1  c5 s2  c2 s3  s1  => 133542 dmg in 2736 frames
c1 s1  c1 s2  c5 s3  c4 s1  c5 s2  c4 s1  c5 c4 s1  c5 s2  c5 s1  c5 s2  c2 s3  s1  => 134133 dmg in 2745 frames
c1 s1  c2 s2  c4 s3  c5 s1  c4 s2  c5 s1  c5 c3 s1  c5 s2  c5 s1  c5 s2  c2 s3  c1 s1  => 134716 dmg in 2754 frames
c1 s1  c1 s2  c5 s3  c4 s1  c5 s2  c4 s1  c5 c4 s1  c5 s2  c5 s1  c5 s2  c2 s3  c1 s1  => 135307 dmg in 2763 frames
c1 s1  c2 s2  c4 s3  c5 s1  c5 s2  c5 s1  c5 s2  c3 s1  c5 c4 s1  c2 s2  c5 s3  c2 s1  => 135646 dmg in 2783 frames
c1 s1  c1 s2  c5 s3  c4 s1  c5 s2  c5 s1  c5 s2  c4 s1  c5 c4 s1  c2 s2  c5 s3  c2 s1  => 136638 dmg in 2792 frames
c1 s1  c1 s2  c5 s3  c4 s1  c5 s2  c5 s1  c5 s2  c4 s1  c5 c4 s1  c4 s2  c4 s3  c2 s1  => 136793 dmg in 2805 frames
c2 s1  c1 s2  c5 s3  c4 s1  c5 s2  c5 s1  c5 s2  c4 s1  c5 c4 s1  c2 s2  c5 s3  c2 s1  => 137178 dmg in 2821 frames
c1 s1  c1 s2  c5 s3  c4 s1  c5 s2  c5 s1  c5 s2  c4 s1  c5 c5 s1  c1 s2  c5 s3  c2 s1  => 137585 dmg in 2830 frames
c1 s1  c1 s2  c5 s3  c4 s1  c5 s2  c5 s1  c5 s2  c4 s1  c5 c4 s1  c5 s2  c4 s1  c1 s3  => 137631 dmg in 2834 frames
s1  c4 s2  c5 s3  c1 s1  c5 s2  c5 s1  c5 s2  c5 s1  c5 s2  c4 s1  c5 c2 s3  c2 s1  => 137728 dmg in 2841 frames
c1 s1  c2 s2  c4 s3  c5 s1  c5 s2  c5 s1  c5 s2  c5 s1  c5 s2  c3 s1  c5 s3  c4 s1  => 140096 dmg in 2843 frames
c1 s1  c1 s2  c5 s3  c4 s1  c5 s2  c5 s1  c5 s2  c5 s1  c5 s2  c4 s1  c5 s3  c4 s1  => 141178 dmg in 2852 frames
c2 s1  c1 s2  c5 s3  c4 s1  c5 s2  c5 s1  c5 s2  c5 s1  c5 s2  c4 s1  c5 s3  c4 s1  => 141717 dmg in 2881 frames
c1 s1  c1 s2  c5 s3  c4 s1  c5 s2  c5 s1  c5 s2  c5 s1  c5 s2  c4 s1  c5 s3  c2 s2  c2 s1  => 142864 dmg in 2888 frames
c1 s1  c1 s2  c5 s3  c4 s1  c5 s2  c5 s1  c5 s2  c5 s1  c5 s2  c4 s1  c5 s3  c1 s2  c3 s1  => 143028 dmg in 2901 frames
c1 s1  c1 s2  c5 s3  c4 s1  c5 s2  c5 s1  c5 s2  c5 s1  c5 s2  c5 s1  c5 s2  c2 s3  s1  => 143130 dmg in 2908 frames
c2 s1  c1 s2  c5 s3  c4 s1  c5 s2  c5 s1  c5 s2  c5 s1  c5 s2  c4 s1  c5 s3  c2 s2  c2 s1  => 143403 dmg in 2917 frames
c1 s1  c1 s2  c5 s3  c4 s1  c5 s2  c5 s1  c5 s2  c5 s1  c5 s2  c4 s1  c5 s3  s2  c4 s1  => 143671 dmg in 2921 frames
c1 s1  c1 s2  c5 s3  c4 s1  c5 s2  c5 s1  c5 s2  c5 s1  c5 s2  c5 s1  c5 s2  c2 s3  c1 s1  => 144303 dmg in 2926 frames
c1 s1  c1 s2  c5 s3  c4 s1  c5 s2  c5 s1  c5 s2  c5 s1  c5 s2  c4 s1  c5 s3  c1 s2  c4 s1  => 144649 dmg in 2939 frames
c1 s1  c1 s2  c5 s3  c4 s1  c5 s2  c5 s1  c5 s2  c5 s1  c5 s2  c5 s1  c5 s2  c2 s3  c2 s1  => 144950 dmg in 2955 frames
c1 s1  c1 s2  c5 s3  c4 s1  c5 s2  c5 s1  c5 s2  c5 s1  c5 s2  c5 s1  c5 s2  c3 s1  c1 s3  => 145007 dmg in 2959 frames
c1 s1  c1 s2  c5 s3  c4 s1  c5 s2  c5 s1  c5 s2  c5 s1  c5 s2  c4 s1  c5 s3  c2 s2  c4 s1  => 145188 dmg in 2968 frames
s1  c4 s2  c5 s3  c1 s1  c5 s2  c5 s1  c5 s2  c5 s1  c5 s2  c5 s1  c5 s2  c4 s1  c1 s3  => 145320 dmg in 2979 frames
c1 s1  c4 s2  c4 s3  c4 s1  c5 s2  c5 s1  c5 s2  c5 s1  c5 s2  c4 s1  c5 s3  c1 s2  c4 s1  => 145419 dmg in 2981 frames
c1 s1  c1 s2  c5 s3  c4 s1  c5 s2  c5 s1  c5 s2  c5 s1  c5 s2  c5 s1  c5 s2  c4 s1  s3  => 145454 dmg in 2982 frames
c2 s1  c1 s2  c5 s3  c4 s1  c5 s2  c5 s1  c5 s2  c5 s1  c5 s2  c5 s1  c5 s2  c2 s3  c2 s1  => 145490 dmg in 2984 frames
c1 s1  c1 s2  c5 s3  c4 s1  c5 s2  c5 s1  c5 s2  c5 s1  c5 s2  c5 s1  c5 s2  c3 s1  c2 s3  => 145654 dmg in 2988 frames
c1 s1  c1 s2  c5 s3  c5 s1  c5 s2  c5 s1  c5 s2  c5 s1  c5 s2  c5 s1  c5 s2  c2 s3  c1 s1  => 146086 dmg in 2993 frames
c1 s1  c1 s2  c5 s3  c4 s1  c5 s2  c5 s1  c5 s2  c5 s1  c5 s2  c5 s1  c5 s2  c4 s1  c1 s3  => 146627 dmg in 2997 frames
c1 s1  c1 s2  c5 s3  c5 s1  c5 s2  c5 s1  c5 s2  c5 s1  c5 s2  c5 s1  c5 s2  c2 s3  c2 s1  => 146733 dmg in 3022 frames
c1 s1  c1 s2  c5 s3  c4 s1  c5 s2  c5 s1  c5 s2  c5 s1  c5 s2  c5 s1  c5 s2  c4 s1  c2 s3  => 147274 dmg in 3026 frames
c1 s1  c1 s2  c5 s3  c4 s1  c5 s2  c5 s1  c5 s2  c5 s1  c5 s2  c5 s1  c5 s2  c2 s3  c4 s1  => 147274 dmg in 3035 frames
c1 s1  c4 s2  c4 s3  c4 s1  c5 s2  c5 s1  c5 s2  c5 s1  c5 s2  c5 s1  c5 s2  c4 s1  c1 s3  => 147397 dmg in 3039 frames
s1  c1 s2  c5 s3  c5 s1  c5 s2  c5 s1  c5 s2  c5 s1  c5 s2  c5 s1  c5 s2  c4 s1  c1 s3  => 147432 dmg in 3046 frames
c2 s1  c1 s2  c5 s3  c4 s1  c5 s2  c5 s1  c5 s2  c5 s1  c5 s2  c5 s1  c5 s2  c4 s1  c2 s3  => 147814 dmg in 3055 frames
c1 s1  c1 s2  c5 s3  c4 s1  c5 s2  c5 s1  c5 s2  c5 s1  c5 s2  c5 s1  c5 s2  c5 s1  c1 s3  => 148410 dmg in 3064 frames
c1 s1  c1 s2  c5 s3  c4 s1  c5 s2  c5 s1  c5 s2  c5 s1  c5 s2  c5 s1  c5 s2  c5 s1  c2 s3  => 149057 dmg in 3093 frames
c1 s1  c1 s2  c5 s3  c4 s1  c5 s2  c5 s1  c5 s2  c5 s1  c5 s2  c5 s1  c5 s2  c2 s3  c5 s1  => 149057 dmg in 3102 frames
c1 s1  c1 s2  c5 s3  c4 s1  c5 s2  c5 s1  c5 s2  c5 s1  c5 s2  c5 s1  c5 s2  c4 s1  c4 s3  => 149599 dmg in 3106 frames
c1 s1  c1 s2  c5 s3  c5 s1  c5 s2  c5 s1  c5 s2  c5 s1  c5 s2  c5 s1  c5 s2  c5 s1  c1 s3  => 150193 dmg in 3131 frames
c1 s1  c4 s2  c4 s3  c4 s1  c5 s2  c5 s1  c5 s2  c5 s1  c5 s2  c5 s1  c5 s2  c4 s1  c4 s3  => 150369 dmg in 3148 frames
s1  c1 s2  c5 s3  c5 s1  c5 s2  c5 s1  c5 s2  c5 s1  c5 s2  c5 s1  c5 s2  c4 s1  c4 s3  => 150404 dmg in 3155 frames
c1 s1  c1 s2  c5 s3  c5 s1  c5 s2  c5 s1  c5 s2  c5 s1  c5 s2  c5 s1  c5 s2  c5 s1  c2 s3  => 150840 dmg in 3160 frames
c1 s1  c1 s2  c5 s3  c5 s1  c5 s2  c5 s1  c5 s2  c5 s1  c5 s2  c5 s1  c5 s2  c2 s3  c5 s1  => 150840 dmg in 3169 frames
c1 s1  c1 s2  c5 s3  c4 s1  c5 s2  c5 s1  c5 s2  c5 s1  c5 s2  c5 s1  c5 s2  c4 s1  c5 s3  => 151381 dmg in 3173 frames
